<?xml version="1.0" encoding="UTF-8"?>
<robot generator="Robot 3.2.2 (Python 3.7.4 on win32)" generated="20220130 19:16:55.979" rpa="false">
<suite id="s1" name="UIAutomation" source="E:\Srinath\Canada\Selenium\Robot\DigitUIAutomation\tests\UIAutomation.robot">
<test id="s1-t1" name="TC01_CondosApplicationAutomation">
<kw name="Begin Web Test" library="CommonWeb" type="setup">
<kw name="Open Browser" library="SeleniumLibrary">
<doc>Opens a new browser instance to the optional ``url``.</doc>
<arguments>
<arg>${BROWSER_URL}</arg>
<arg>${BROWSER}</arg>
</arguments>
<msg timestamp="20220130 19:16:56.744" level="INFO">Opening browser 'gc' to base url 'http://www.condos.ca'.</msg>
<status status="PASS" starttime="20220130 19:16:56.742" endtime="20220130 19:17:06.213"></status>
</kw>
<kw name="Maximize Browser Window" library="SeleniumLibrary">
<doc>Maximizes current browser window.</doc>
<status status="PASS" starttime="20220130 19:17:06.213" endtime="20220130 19:17:08.633"></status>
</kw>
<status status="PASS" starttime="20220130 19:16:56.740" endtime="20220130 19:17:08.634"></status>
</kw>
<kw name="When I Navigate to the &quot;Condos.ca&quot; Page" library="FrontOfficeApp">
<kw name="The &quot;Condos.ca&quot; page should load" library="Landing">
<kw name="Press Keys" library="SeleniumLibrary">
<doc>Simulates the user pressing key(s) to an element or on the active browser.</doc>
<arguments>
<arg>xpath=//body</arg>
<arg>TAB</arg>
</arguments>
<msg timestamp="20220130 19:17:08.780" level="INFO">Sending key(s) ('TAB',) to xpath=//body element.</msg>
<msg timestamp="20220130 19:17:11.962" level="INFO">Pressing special key TAB to element.</msg>
<msg timestamp="20220130 19:17:11.963" level="INFO">Releasing special key TAB.</msg>
<status status="PASS" starttime="20220130 19:17:08.775" endtime="20220130 19:17:12.158"></status>
</kw>
<kw name="Sleep" library="BuiltIn">
<doc>Pauses the test executed for the given time.</doc>
<arguments>
<arg>10s</arg>
</arguments>
<msg timestamp="20220130 19:17:22.177" level="INFO">Slept 10 seconds</msg>
<status status="PASS" starttime="20220130 19:17:12.160" endtime="20220130 19:17:22.177"></status>
</kw>
<status status="PASS" starttime="20220130 19:17:08.774" endtime="20220130 19:17:22.178"></status>
</kw>
<status status="PASS" starttime="20220130 19:17:08.768" endtime="20220130 19:17:22.179"></status>
</kw>
<kw name="Then I Wait for the Search Box on &quot;Condos.ca&quot; to be enabled and search for Toronto Properties" library="FrontOfficeApp">
<kw name="The Search Box should be enabled on the Landing Page and User should be able to enter &quot;Toronto&quot; in it" library="Landing">
<kw name="Wait Until Element Is Enabled" library="SeleniumLibrary">
<doc>Waits until the element ``locator`` is enabled.</doc>
<arguments>
<arg>${Search_Box}</arg>
<arg>timeout=10</arg>
</arguments>
<status status="PASS" starttime="20220130 19:17:22.183" endtime="20220130 19:17:22.343"></status>
</kw>
<kw name="Input Text" library="SeleniumLibrary">
<doc>Types the given ``text`` into the text field identified by ``locator``.</doc>
<arguments>
<arg>${Search_Box}</arg>
<arg>Toronto</arg>
</arguments>
<msg timestamp="20220130 19:17:22.344" level="INFO">Typing text 'Toronto' into text field 'xpath=//div//input[@type='text']'.</msg>
<status status="PASS" starttime="20220130 19:17:22.343" endtime="20220130 19:17:22.977"></status>
</kw>
<kw name="Wait Until Page Contains Element" library="SeleniumLibrary">
<doc>Waits until the element ``locator`` appears on the current page.</doc>
<arguments>
<arg>${Selection_Option}</arg>
<arg>timeout=5</arg>
</arguments>
<status status="PASS" starttime="20220130 19:17:22.977" endtime="20220130 19:17:23.138"></status>
</kw>
<kw name="Click Element" library="SeleniumLibrary">
<doc>Click the element identified by ``locator``.</doc>
<arguments>
<arg>${Selection_Option}</arg>
</arguments>
<msg timestamp="20220130 19:17:23.139" level="INFO">Clicking element 'xpath=//div[contains(@class,'Result')]//div[text()='Toronto']'.</msg>
<status status="PASS" starttime="20220130 19:17:23.139" endtime="20220130 19:17:23.519"></status>
</kw>
<status status="PASS" starttime="20220130 19:17:22.182" endtime="20220130 19:17:23.520"></status>
</kw>
<status status="PASS" starttime="20220130 19:17:22.180" endtime="20220130 19:17:23.520"></status>
</kw>
<kw name="And Properties Page Should Be Displayed" library="FrontOfficeApp">
<kw name="All the Properties Should be Shown" library="Properties">
<kw name="Wait Until Page Contains Element" library="SeleniumLibrary">
<doc>Waits until the element ``locator`` appears on the current page.</doc>
<arguments>
<arg>${Google_Maps}</arg>
<arg>timeout=5</arg>
</arguments>
<status status="PASS" starttime="20220130 19:17:23.527" endtime="20220130 19:17:24.487"></status>
</kw>
<kw name="Click Element" library="SeleniumLibrary">
<doc>Click the element identified by ``locator``.</doc>
<arguments>
<arg>${Google_Maps}</arg>
</arguments>
<msg timestamp="20220130 19:17:24.488" level="INFO">Clicking element 'xpath=//button[text()='Close Map']'.</msg>
<status status="PASS" starttime="20220130 19:17:24.487" endtime="20220130 19:17:26.512"></status>
</kw>
<kw name="Wait Until Page Contains Element" library="SeleniumLibrary">
<doc>Waits until the element ``locator`` appears on the current page.</doc>
<arguments>
<arg>${PropertyListPage}</arg>
<arg>timeout=10</arg>
</arguments>
<status status="PASS" starttime="20220130 19:17:26.512" endtime="20220130 19:17:28.048"></status>
</kw>
<kw name="Get Element Count" library="SeleniumLibrary">
<doc>Returns the number of elements matching ``locator``.</doc>
<arguments>
<arg>${PropertyCount}</arg>
</arguments>
<assign>
<var>${NoofHouses}</var>
</assign>
<msg timestamp="20220130 19:17:28.837" level="INFO">${NoofHouses} = 48</msg>
<status status="PASS" starttime="20220130 19:17:28.048" endtime="20220130 19:17:28.837"></status>
</kw>
<kw name="Set Variable" library="BuiltIn">
<doc>Returns the given values which can then be assigned to a variables.</doc>
<arguments>
<arg>${NoofHouses}</arg>
</arguments>
<assign>
<var>${EndValue}</var>
</assign>
<msg timestamp="20220130 19:17:28.839" level="INFO">${EndValue} = 48</msg>
<status status="PASS" starttime="20220130 19:17:28.838" endtime="20220130 19:17:28.839"></status>
</kw>
<kw name="${i} IN RANGE [ 1 | ${EndValue} ]" type="for">
<kw name="${i} = 1" type="foritem">
<kw name="Get Text" library="SeleniumLibrary">
<doc>Returns the text value of the element identified by ``locator``.</doc>
<arguments>
<arg>xpath=//div[@id='listRow']/div[${i}]//div[contains(@class,'AskingPrice')]</arg>
</arguments>
<assign>
<var>${AskPrice}</var>
</assign>
<msg timestamp="20220130 19:17:29.532" level="INFO">${AskPrice} = $998,000</msg>
<status status="PASS" starttime="20220130 19:17:28.841" endtime="20220130 19:17:29.532"></status>
</kw>
<kw name="Append To List" library="Collections">
<doc>Adds ``values`` to the end of ``list``.</doc>
<arguments>
<arg>${houses}</arg>
<arg>${AskPrice}</arg>
</arguments>
<status status="PASS" starttime="20220130 19:17:29.533" endtime="20220130 19:17:29.534"></status>
</kw>
<status status="PASS" starttime="20220130 19:17:28.840" endtime="20220130 19:17:29.534"></status>
</kw>
<kw name="${i} = 2" type="foritem">
<kw name="Get Text" library="SeleniumLibrary">
<doc>Returns the text value of the element identified by ``locator``.</doc>
<arguments>
<arg>xpath=//div[@id='listRow']/div[${i}]//div[contains(@class,'AskingPrice')]</arg>
</arguments>
<assign>
<var>${AskPrice}</var>
</assign>
<msg timestamp="20220130 19:17:31.748" level="INFO">${AskPrice} = $549,800</msg>
<status status="PASS" starttime="20220130 19:17:29.535" endtime="20220130 19:17:31.748"></status>
</kw>
<kw name="Append To List" library="Collections">
<doc>Adds ``values`` to the end of ``list``.</doc>
<arguments>
<arg>${houses}</arg>
<arg>${AskPrice}</arg>
</arguments>
<status status="PASS" starttime="20220130 19:17:31.748" endtime="20220130 19:17:31.749"></status>
</kw>
<status status="PASS" starttime="20220130 19:17:29.535" endtime="20220130 19:17:31.749"></status>
</kw>
<kw name="${i} = 3" type="foritem">
<kw name="Get Text" library="SeleniumLibrary">
<doc>Returns the text value of the element identified by ``locator``.</doc>
<arguments>
<arg>xpath=//div[@id='listRow']/div[${i}]//div[contains(@class,'AskingPrice')]</arg>
</arguments>
<assign>
<var>${AskPrice}</var>
</assign>
<msg timestamp="20220130 19:17:31.957" level="INFO">${AskPrice} = $610,000</msg>
<status status="PASS" starttime="20220130 19:17:31.750" endtime="20220130 19:17:31.957"></status>
</kw>
<kw name="Append To List" library="Collections">
<doc>Adds ``values`` to the end of ``list``.</doc>
<arguments>
<arg>${houses}</arg>
<arg>${AskPrice}</arg>
</arguments>
<status status="PASS" starttime="20220130 19:17:31.958" endtime="20220130 19:17:31.958"></status>
</kw>
<status status="PASS" starttime="20220130 19:17:31.750" endtime="20220130 19:17:31.958"></status>
</kw>
<kw name="${i} = 4" type="foritem">
<kw name="Get Text" library="SeleniumLibrary">
<doc>Returns the text value of the element identified by ``locator``.</doc>
<arguments>
<arg>xpath=//div[@id='listRow']/div[${i}]//div[contains(@class,'AskingPrice')]</arg>
</arguments>
<assign>
<var>${AskPrice}</var>
</assign>
<msg timestamp="20220130 19:17:32.041" level="INFO">${AskPrice} = $899,900</msg>
<status status="PASS" starttime="20220130 19:17:31.959" endtime="20220130 19:17:32.042"></status>
</kw>
<kw name="Append To List" library="Collections">
<doc>Adds ``values`` to the end of ``list``.</doc>
<arguments>
<arg>${houses}</arg>
<arg>${AskPrice}</arg>
</arguments>
<status status="PASS" starttime="20220130 19:17:32.042" endtime="20220130 19:17:32.043"></status>
</kw>
<status status="PASS" starttime="20220130 19:17:31.959" endtime="20220130 19:17:32.043"></status>
</kw>
<kw name="${i} = 5" type="foritem">
<kw name="Get Text" library="SeleniumLibrary">
<doc>Returns the text value of the element identified by ``locator``.</doc>
<arguments>
<arg>xpath=//div[@id='listRow']/div[${i}]//div[contains(@class,'AskingPrice')]</arg>
</arguments>
<assign>
<var>${AskPrice}</var>
</assign>
<msg timestamp="20220130 19:17:32.157" level="INFO">${AskPrice} = $1,174,900</msg>
<status status="PASS" starttime="20220130 19:17:32.044" endtime="20220130 19:17:32.157"></status>
</kw>
<kw name="Append To List" library="Collections">
<doc>Adds ``values`` to the end of ``list``.</doc>
<arguments>
<arg>${houses}</arg>
<arg>${AskPrice}</arg>
</arguments>
<status status="PASS" starttime="20220130 19:17:32.158" endtime="20220130 19:17:32.158"></status>
</kw>
<status status="PASS" starttime="20220130 19:17:32.043" endtime="20220130 19:17:32.159"></status>
</kw>
<kw name="${i} = 6" type="foritem">
<kw name="Get Text" library="SeleniumLibrary">
<doc>Returns the text value of the element identified by ``locator``.</doc>
<arguments>
<arg>xpath=//div[@id='listRow']/div[${i}]//div[contains(@class,'AskingPrice')]</arg>
</arguments>
<assign>
<var>${AskPrice}</var>
</assign>
<msg timestamp="20220130 19:17:32.310" level="INFO">${AskPrice} = $1,089,900</msg>
<status status="PASS" starttime="20220130 19:17:32.159" endtime="20220130 19:17:32.310"></status>
</kw>
<kw name="Append To List" library="Collections">
<doc>Adds ``values`` to the end of ``list``.</doc>
<arguments>
<arg>${houses}</arg>
<arg>${AskPrice}</arg>
</arguments>
<status status="PASS" starttime="20220130 19:17:32.311" endtime="20220130 19:17:32.312"></status>
</kw>
<status status="PASS" starttime="20220130 19:17:32.159" endtime="20220130 19:17:32.312"></status>
</kw>
<kw name="${i} = 7" type="foritem">
<kw name="Get Text" library="SeleniumLibrary">
<doc>Returns the text value of the element identified by ``locator``.</doc>
<arguments>
<arg>xpath=//div[@id='listRow']/div[${i}]//div[contains(@class,'AskingPrice')]</arg>
</arguments>
<assign>
<var>${AskPrice}</var>
</assign>
<msg timestamp="20220130 19:17:32.384" level="INFO">${AskPrice} = $649,900</msg>
<status status="PASS" starttime="20220130 19:17:32.313" endtime="20220130 19:17:32.384"></status>
</kw>
<kw name="Append To List" library="Collections">
<doc>Adds ``values`` to the end of ``list``.</doc>
<arguments>
<arg>${houses}</arg>
<arg>${AskPrice}</arg>
</arguments>
<status status="PASS" starttime="20220130 19:17:32.384" endtime="20220130 19:17:32.385"></status>
</kw>
<status status="PASS" starttime="20220130 19:17:32.313" endtime="20220130 19:17:32.386"></status>
</kw>
<kw name="${i} = 8" type="foritem">
<kw name="Get Text" library="SeleniumLibrary">
<doc>Returns the text value of the element identified by ``locator``.</doc>
<arguments>
<arg>xpath=//div[@id='listRow']/div[${i}]//div[contains(@class,'AskingPrice')]</arg>
</arguments>
<assign>
<var>${AskPrice}</var>
</assign>
<msg timestamp="20220130 19:17:32.442" level="INFO">${AskPrice} = $599,900</msg>
<status status="PASS" starttime="20220130 19:17:32.386" endtime="20220130 19:17:32.443"></status>
</kw>
<kw name="Append To List" library="Collections">
<doc>Adds ``values`` to the end of ``list``.</doc>
<arguments>
<arg>${houses}</arg>
<arg>${AskPrice}</arg>
</arguments>
<status status="PASS" starttime="20220130 19:17:32.443" endtime="20220130 19:17:32.444"></status>
</kw>
<status status="PASS" starttime="20220130 19:17:32.386" endtime="20220130 19:17:32.444"></status>
</kw>
<kw name="${i} = 9" type="foritem">
<kw name="Get Text" library="SeleniumLibrary">
<doc>Returns the text value of the element identified by ``locator``.</doc>
<arguments>
<arg>xpath=//div[@id='listRow']/div[${i}]//div[contains(@class,'AskingPrice')]</arg>
</arguments>
<assign>
<var>${AskPrice}</var>
</assign>
<msg timestamp="20220130 19:17:32.498" level="INFO">${AskPrice} = $579,900</msg>
<status status="PASS" starttime="20220130 19:17:32.444" endtime="20220130 19:17:32.498"></status>
</kw>
<kw name="Append To List" library="Collections">
<doc>Adds ``values`` to the end of ``list``.</doc>
<arguments>
<arg>${houses}</arg>
<arg>${AskPrice}</arg>
</arguments>
<status status="PASS" starttime="20220130 19:17:32.498" endtime="20220130 19:17:32.499"></status>
</kw>
<status status="PASS" starttime="20220130 19:17:32.444" endtime="20220130 19:17:32.499"></status>
</kw>
<kw name="${i} = 10" type="foritem">
<kw name="Get Text" library="SeleniumLibrary">
<doc>Returns the text value of the element identified by ``locator``.</doc>
<arguments>
<arg>xpath=//div[@id='listRow']/div[${i}]//div[contains(@class,'AskingPrice')]</arg>
</arguments>
<assign>
<var>${AskPrice}</var>
</assign>
<msg timestamp="20220130 19:17:32.551" level="INFO">${AskPrice} = $849,999</msg>
<status status="PASS" starttime="20220130 19:17:32.500" endtime="20220130 19:17:32.551"></status>
</kw>
<kw name="Append To List" library="Collections">
<doc>Adds ``values`` to the end of ``list``.</doc>
<arguments>
<arg>${houses}</arg>
<arg>${AskPrice}</arg>
</arguments>
<status status="PASS" starttime="20220130 19:17:32.551" endtime="20220130 19:17:32.552"></status>
</kw>
<status status="PASS" starttime="20220130 19:17:32.499" endtime="20220130 19:17:32.552"></status>
</kw>
<kw name="${i} = 11" type="foritem">
<kw name="Get Text" library="SeleniumLibrary">
<doc>Returns the text value of the element identified by ``locator``.</doc>
<arguments>
<arg>xpath=//div[@id='listRow']/div[${i}]//div[contains(@class,'AskingPrice')]</arg>
</arguments>
<assign>
<var>${AskPrice}</var>
</assign>
<msg timestamp="20220130 19:17:32.597" level="INFO">${AskPrice} = $816,000</msg>
<status status="PASS" starttime="20220130 19:17:32.553" endtime="20220130 19:17:32.597"></status>
</kw>
<kw name="Append To List" library="Collections">
<doc>Adds ``values`` to the end of ``list``.</doc>
<arguments>
<arg>${houses}</arg>
<arg>${AskPrice}</arg>
</arguments>
<status status="PASS" starttime="20220130 19:17:32.597" endtime="20220130 19:17:32.598"></status>
</kw>
<status status="PASS" starttime="20220130 19:17:32.552" endtime="20220130 19:17:32.598"></status>
</kw>
<kw name="${i} = 12" type="foritem">
<kw name="Get Text" library="SeleniumLibrary">
<doc>Returns the text value of the element identified by ``locator``.</doc>
<arguments>
<arg>xpath=//div[@id='listRow']/div[${i}]//div[contains(@class,'AskingPrice')]</arg>
</arguments>
<assign>
<var>${AskPrice}</var>
</assign>
<msg timestamp="20220130 19:17:32.638" level="INFO">${AskPrice} = $624,900</msg>
<status status="PASS" starttime="20220130 19:17:32.598" endtime="20220130 19:17:32.638"></status>
</kw>
<kw name="Append To List" library="Collections">
<doc>Adds ``values`` to the end of ``list``.</doc>
<arguments>
<arg>${houses}</arg>
<arg>${AskPrice}</arg>
</arguments>
<status status="PASS" starttime="20220130 19:17:32.638" endtime="20220130 19:17:32.639"></status>
</kw>
<status status="PASS" starttime="20220130 19:17:32.598" endtime="20220130 19:17:32.639"></status>
</kw>
<kw name="${i} = 13" type="foritem">
<kw name="Get Text" library="SeleniumLibrary">
<doc>Returns the text value of the element identified by ``locator``.</doc>
<arguments>
<arg>xpath=//div[@id='listRow']/div[${i}]//div[contains(@class,'AskingPrice')]</arg>
</arguments>
<assign>
<var>${AskPrice}</var>
</assign>
<msg timestamp="20220130 19:17:32.688" level="INFO">${AskPrice} = $1,249,500</msg>
<status status="PASS" starttime="20220130 19:17:32.639" endtime="20220130 19:17:32.688"></status>
</kw>
<kw name="Append To List" library="Collections">
<doc>Adds ``values`` to the end of ``list``.</doc>
<arguments>
<arg>${houses}</arg>
<arg>${AskPrice}</arg>
</arguments>
<status status="PASS" starttime="20220130 19:17:32.689" endtime="20220130 19:17:32.690"></status>
</kw>
<status status="PASS" starttime="20220130 19:17:32.639" endtime="20220130 19:17:32.690"></status>
</kw>
<kw name="${i} = 14" type="foritem">
<kw name="Get Text" library="SeleniumLibrary">
<doc>Returns the text value of the element identified by ``locator``.</doc>
<arguments>
<arg>xpath=//div[@id='listRow']/div[${i}]//div[contains(@class,'AskingPrice')]</arg>
</arguments>
<assign>
<var>${AskPrice}</var>
</assign>
<msg timestamp="20220130 19:17:32.740" level="INFO">${AskPrice} = $739,990</msg>
<status status="PASS" starttime="20220130 19:17:32.690" endtime="20220130 19:17:32.741"></status>
</kw>
<kw name="Append To List" library="Collections">
<doc>Adds ``values`` to the end of ``list``.</doc>
<arguments>
<arg>${houses}</arg>
<arg>${AskPrice}</arg>
</arguments>
<status status="PASS" starttime="20220130 19:17:32.741" endtime="20220130 19:17:32.743"></status>
</kw>
<status status="PASS" starttime="20220130 19:17:32.690" endtime="20220130 19:17:32.743"></status>
</kw>
<kw name="${i} = 15" type="foritem">
<kw name="Get Text" library="SeleniumLibrary">
<doc>Returns the text value of the element identified by ``locator``.</doc>
<arguments>
<arg>xpath=//div[@id='listRow']/div[${i}]//div[contains(@class,'AskingPrice')]</arg>
</arguments>
<assign>
<var>${AskPrice}</var>
</assign>
<msg timestamp="20220130 19:17:32.840" level="INFO">${AskPrice} = $449,999</msg>
<status status="PASS" starttime="20220130 19:17:32.744" endtime="20220130 19:17:32.840"></status>
</kw>
<kw name="Append To List" library="Collections">
<doc>Adds ``values`` to the end of ``list``.</doc>
<arguments>
<arg>${houses}</arg>
<arg>${AskPrice}</arg>
</arguments>
<status status="PASS" starttime="20220130 19:17:32.841" endtime="20220130 19:17:32.842"></status>
</kw>
<status status="PASS" starttime="20220130 19:17:32.743" endtime="20220130 19:17:32.842"></status>
</kw>
<kw name="${i} = 16" type="foritem">
<kw name="Get Text" library="SeleniumLibrary">
<doc>Returns the text value of the element identified by ``locator``.</doc>
<arguments>
<arg>xpath=//div[@id='listRow']/div[${i}]//div[contains(@class,'AskingPrice')]</arg>
</arguments>
<assign>
<var>${AskPrice}</var>
</assign>
<msg timestamp="20220130 19:17:32.906" level="INFO">${AskPrice} = $999,999</msg>
<status status="PASS" starttime="20220130 19:17:32.842" endtime="20220130 19:17:32.906"></status>
</kw>
<kw name="Append To List" library="Collections">
<doc>Adds ``values`` to the end of ``list``.</doc>
<arguments>
<arg>${houses}</arg>
<arg>${AskPrice}</arg>
</arguments>
<status status="PASS" starttime="20220130 19:17:32.907" endtime="20220130 19:17:32.908"></status>
</kw>
<status status="PASS" starttime="20220130 19:17:32.842" endtime="20220130 19:17:32.908"></status>
</kw>
<kw name="${i} = 17" type="foritem">
<kw name="Get Text" library="SeleniumLibrary">
<doc>Returns the text value of the element identified by ``locator``.</doc>
<arguments>
<arg>xpath=//div[@id='listRow']/div[${i}]//div[contains(@class,'AskingPrice')]</arg>
</arguments>
<assign>
<var>${AskPrice}</var>
</assign>
<msg timestamp="20220130 19:17:32.970" level="INFO">${AskPrice} = $599,000</msg>
<status status="PASS" starttime="20220130 19:17:32.909" endtime="20220130 19:17:32.970"></status>
</kw>
<kw name="Append To List" library="Collections">
<doc>Adds ``values`` to the end of ``list``.</doc>
<arguments>
<arg>${houses}</arg>
<arg>${AskPrice}</arg>
</arguments>
<status status="PASS" starttime="20220130 19:17:32.970" endtime="20220130 19:17:32.971"></status>
</kw>
<status status="PASS" starttime="20220130 19:17:32.908" endtime="20220130 19:17:32.971"></status>
</kw>
<kw name="${i} = 18" type="foritem">
<kw name="Get Text" library="SeleniumLibrary">
<doc>Returns the text value of the element identified by ``locator``.</doc>
<arguments>
<arg>xpath=//div[@id='listRow']/div[${i}]//div[contains(@class,'AskingPrice')]</arg>
</arguments>
<assign>
<var>${AskPrice}</var>
</assign>
<msg timestamp="20220130 19:17:33.023" level="INFO">${AskPrice} = $659,990</msg>
<status status="PASS" starttime="20220130 19:17:32.972" endtime="20220130 19:17:33.023"></status>
</kw>
<kw name="Append To List" library="Collections">
<doc>Adds ``values`` to the end of ``list``.</doc>
<arguments>
<arg>${houses}</arg>
<arg>${AskPrice}</arg>
</arguments>
<status status="PASS" starttime="20220130 19:17:33.024" endtime="20220130 19:17:33.025"></status>
</kw>
<status status="PASS" starttime="20220130 19:17:32.972" endtime="20220130 19:17:33.025"></status>
</kw>
<kw name="${i} = 19" type="foritem">
<kw name="Get Text" library="SeleniumLibrary">
<doc>Returns the text value of the element identified by ``locator``.</doc>
<arguments>
<arg>xpath=//div[@id='listRow']/div[${i}]//div[contains(@class,'AskingPrice')]</arg>
</arguments>
<assign>
<var>${AskPrice}</var>
</assign>
<msg timestamp="20220130 19:17:33.072" level="INFO">${AskPrice} = $999,999</msg>
<status status="PASS" starttime="20220130 19:17:33.026" endtime="20220130 19:17:33.072"></status>
</kw>
<kw name="Append To List" library="Collections">
<doc>Adds ``values`` to the end of ``list``.</doc>
<arguments>
<arg>${houses}</arg>
<arg>${AskPrice}</arg>
</arguments>
<status status="PASS" starttime="20220130 19:17:33.073" endtime="20220130 19:17:33.074"></status>
</kw>
<status status="PASS" starttime="20220130 19:17:33.025" endtime="20220130 19:17:33.074"></status>
</kw>
<kw name="${i} = 20" type="foritem">
<kw name="Get Text" library="SeleniumLibrary">
<doc>Returns the text value of the element identified by ``locator``.</doc>
<arguments>
<arg>xpath=//div[@id='listRow']/div[${i}]//div[contains(@class,'AskingPrice')]</arg>
</arguments>
<assign>
<var>${AskPrice}</var>
</assign>
<msg timestamp="20220130 19:17:33.123" level="INFO">${AskPrice} = $609,000</msg>
<status status="PASS" starttime="20220130 19:17:33.074" endtime="20220130 19:17:33.123"></status>
</kw>
<kw name="Append To List" library="Collections">
<doc>Adds ``values`` to the end of ``list``.</doc>
<arguments>
<arg>${houses}</arg>
<arg>${AskPrice}</arg>
</arguments>
<status status="PASS" starttime="20220130 19:17:33.124" endtime="20220130 19:17:33.125"></status>
</kw>
<status status="PASS" starttime="20220130 19:17:33.074" endtime="20220130 19:17:33.125"></status>
</kw>
<kw name="${i} = 21" type="foritem">
<kw name="Get Text" library="SeleniumLibrary">
<doc>Returns the text value of the element identified by ``locator``.</doc>
<arguments>
<arg>xpath=//div[@id='listRow']/div[${i}]//div[contains(@class,'AskingPrice')]</arg>
</arguments>
<assign>
<var>${AskPrice}</var>
</assign>
<msg timestamp="20220130 19:17:33.196" level="INFO">${AskPrice} = $679,000</msg>
<status status="PASS" starttime="20220130 19:17:33.126" endtime="20220130 19:17:33.196"></status>
</kw>
<kw name="Append To List" library="Collections">
<doc>Adds ``values`` to the end of ``list``.</doc>
<arguments>
<arg>${houses}</arg>
<arg>${AskPrice}</arg>
</arguments>
<status status="PASS" starttime="20220130 19:17:33.196" endtime="20220130 19:17:33.198"></status>
</kw>
<status status="PASS" starttime="20220130 19:17:33.125" endtime="20220130 19:17:33.198"></status>
</kw>
<kw name="${i} = 22" type="foritem">
<kw name="Get Text" library="SeleniumLibrary">
<doc>Returns the text value of the element identified by ``locator``.</doc>
<arguments>
<arg>xpath=//div[@id='listRow']/div[${i}]//div[contains(@class,'AskingPrice')]</arg>
</arguments>
<assign>
<var>${AskPrice}</var>
</assign>
<msg timestamp="20220130 19:17:33.265" level="INFO">${AskPrice} = $699,900</msg>
<status status="PASS" starttime="20220130 19:17:33.200" endtime="20220130 19:17:33.265"></status>
</kw>
<kw name="Append To List" library="Collections">
<doc>Adds ``values`` to the end of ``list``.</doc>
<arguments>
<arg>${houses}</arg>
<arg>${AskPrice}</arg>
</arguments>
<status status="PASS" starttime="20220130 19:17:33.266" endtime="20220130 19:17:33.267"></status>
</kw>
<status status="PASS" starttime="20220130 19:17:33.199" endtime="20220130 19:17:33.267"></status>
</kw>
<kw name="${i} = 23" type="foritem">
<kw name="Get Text" library="SeleniumLibrary">
<doc>Returns the text value of the element identified by ``locator``.</doc>
<arguments>
<arg>xpath=//div[@id='listRow']/div[${i}]//div[contains(@class,'AskingPrice')]</arg>
</arguments>
<assign>
<var>${AskPrice}</var>
</assign>
<msg timestamp="20220130 19:17:33.321" level="INFO">${AskPrice} = $499,000</msg>
<status status="PASS" starttime="20220130 19:17:33.267" endtime="20220130 19:17:33.321"></status>
</kw>
<kw name="Append To List" library="Collections">
<doc>Adds ``values`` to the end of ``list``.</doc>
<arguments>
<arg>${houses}</arg>
<arg>${AskPrice}</arg>
</arguments>
<status status="PASS" starttime="20220130 19:17:33.321" endtime="20220130 19:17:33.322"></status>
</kw>
<status status="PASS" starttime="20220130 19:17:33.267" endtime="20220130 19:17:33.322"></status>
</kw>
<kw name="${i} = 24" type="foritem">
<kw name="Get Text" library="SeleniumLibrary">
<doc>Returns the text value of the element identified by ``locator``.</doc>
<arguments>
<arg>xpath=//div[@id='listRow']/div[${i}]//div[contains(@class,'AskingPrice')]</arg>
</arguments>
<assign>
<var>${AskPrice}</var>
</assign>
<msg timestamp="20220130 19:17:33.384" level="INFO">${AskPrice} = $699,000</msg>
<status status="PASS" starttime="20220130 19:17:33.323" endtime="20220130 19:17:33.384"></status>
</kw>
<kw name="Append To List" library="Collections">
<doc>Adds ``values`` to the end of ``list``.</doc>
<arguments>
<arg>${houses}</arg>
<arg>${AskPrice}</arg>
</arguments>
<status status="PASS" starttime="20220130 19:17:33.385" endtime="20220130 19:17:33.387"></status>
</kw>
<status status="PASS" starttime="20220130 19:17:33.323" endtime="20220130 19:17:33.387"></status>
</kw>
<kw name="${i} = 25" type="foritem">
<kw name="Get Text" library="SeleniumLibrary">
<doc>Returns the text value of the element identified by ``locator``.</doc>
<arguments>
<arg>xpath=//div[@id='listRow']/div[${i}]//div[contains(@class,'AskingPrice')]</arg>
</arguments>
<assign>
<var>${AskPrice}</var>
</assign>
<msg timestamp="20220130 19:17:33.445" level="INFO">${AskPrice} = $688,000</msg>
<status status="PASS" starttime="20220130 19:17:33.389" endtime="20220130 19:17:33.445"></status>
</kw>
<kw name="Append To List" library="Collections">
<doc>Adds ``values`` to the end of ``list``.</doc>
<arguments>
<arg>${houses}</arg>
<arg>${AskPrice}</arg>
</arguments>
<status status="PASS" starttime="20220130 19:17:33.446" endtime="20220130 19:17:33.446"></status>
</kw>
<status status="PASS" starttime="20220130 19:17:33.388" endtime="20220130 19:17:33.446"></status>
</kw>
<kw name="${i} = 26" type="foritem">
<kw name="Get Text" library="SeleniumLibrary">
<doc>Returns the text value of the element identified by ``locator``.</doc>
<arguments>
<arg>xpath=//div[@id='listRow']/div[${i}]//div[contains(@class,'AskingPrice')]</arg>
</arguments>
<assign>
<var>${AskPrice}</var>
</assign>
<msg timestamp="20220130 19:17:33.506" level="INFO">${AskPrice} = $750,000</msg>
<status status="PASS" starttime="20220130 19:17:33.447" endtime="20220130 19:17:33.507"></status>
</kw>
<kw name="Append To List" library="Collections">
<doc>Adds ``values`` to the end of ``list``.</doc>
<arguments>
<arg>${houses}</arg>
<arg>${AskPrice}</arg>
</arguments>
<status status="PASS" starttime="20220130 19:17:33.507" endtime="20220130 19:17:33.508"></status>
</kw>
<status status="PASS" starttime="20220130 19:17:33.447" endtime="20220130 19:17:33.508"></status>
</kw>
<kw name="${i} = 27" type="foritem">
<kw name="Get Text" library="SeleniumLibrary">
<doc>Returns the text value of the element identified by ``locator``.</doc>
<arguments>
<arg>xpath=//div[@id='listRow']/div[${i}]//div[contains(@class,'AskingPrice')]</arg>
</arguments>
<assign>
<var>${AskPrice}</var>
</assign>
<msg timestamp="20220130 19:17:33.574" level="INFO">${AskPrice} = $569,900</msg>
<status status="PASS" starttime="20220130 19:17:33.509" endtime="20220130 19:17:33.574"></status>
</kw>
<kw name="Append To List" library="Collections">
<doc>Adds ``values`` to the end of ``list``.</doc>
<arguments>
<arg>${houses}</arg>
<arg>${AskPrice}</arg>
</arguments>
<status status="PASS" starttime="20220130 19:17:33.574" endtime="20220130 19:17:33.575"></status>
</kw>
<status status="PASS" starttime="20220130 19:17:33.508" endtime="20220130 19:17:33.575"></status>
</kw>
<kw name="${i} = 28" type="foritem">
<kw name="Get Text" library="SeleniumLibrary">
<doc>Returns the text value of the element identified by ``locator``.</doc>
<arguments>
<arg>xpath=//div[@id='listRow']/div[${i}]//div[contains(@class,'AskingPrice')]</arg>
</arguments>
<assign>
<var>${AskPrice}</var>
</assign>
<msg timestamp="20220130 19:17:33.633" level="INFO">${AskPrice} = $559,900</msg>
<status status="PASS" starttime="20220130 19:17:33.576" endtime="20220130 19:17:33.633"></status>
</kw>
<kw name="Append To List" library="Collections">
<doc>Adds ``values`` to the end of ``list``.</doc>
<arguments>
<arg>${houses}</arg>
<arg>${AskPrice}</arg>
</arguments>
<status status="PASS" starttime="20220130 19:17:33.633" endtime="20220130 19:17:33.634"></status>
</kw>
<status status="PASS" starttime="20220130 19:17:33.576" endtime="20220130 19:17:33.634"></status>
</kw>
<kw name="${i} = 29" type="foritem">
<kw name="Get Text" library="SeleniumLibrary">
<doc>Returns the text value of the element identified by ``locator``.</doc>
<arguments>
<arg>xpath=//div[@id='listRow']/div[${i}]//div[contains(@class,'AskingPrice')]</arg>
</arguments>
<assign>
<var>${AskPrice}</var>
</assign>
<msg timestamp="20220130 19:17:33.691" level="INFO">${AskPrice} = $999,000</msg>
<status status="PASS" starttime="20220130 19:17:33.635" endtime="20220130 19:17:33.691"></status>
</kw>
<kw name="Append To List" library="Collections">
<doc>Adds ``values`` to the end of ``list``.</doc>
<arguments>
<arg>${houses}</arg>
<arg>${AskPrice}</arg>
</arguments>
<status status="PASS" starttime="20220130 19:17:33.692" endtime="20220130 19:17:33.692"></status>
</kw>
<status status="PASS" starttime="20220130 19:17:33.634" endtime="20220130 19:17:33.693"></status>
</kw>
<kw name="${i} = 30" type="foritem">
<kw name="Get Text" library="SeleniumLibrary">
<doc>Returns the text value of the element identified by ``locator``.</doc>
<arguments>
<arg>xpath=//div[@id='listRow']/div[${i}]//div[contains(@class,'AskingPrice')]</arg>
</arguments>
<assign>
<var>${AskPrice}</var>
</assign>
<msg timestamp="20220130 19:17:33.755" level="INFO">${AskPrice} = $999,999</msg>
<status status="PASS" starttime="20220130 19:17:33.693" endtime="20220130 19:17:33.755"></status>
</kw>
<kw name="Append To List" library="Collections">
<doc>Adds ``values`` to the end of ``list``.</doc>
<arguments>
<arg>${houses}</arg>
<arg>${AskPrice}</arg>
</arguments>
<status status="PASS" starttime="20220130 19:17:33.756" endtime="20220130 19:17:33.757"></status>
</kw>
<status status="PASS" starttime="20220130 19:17:33.693" endtime="20220130 19:17:33.757"></status>
</kw>
<kw name="${i} = 31" type="foritem">
<kw name="Get Text" library="SeleniumLibrary">
<doc>Returns the text value of the element identified by ``locator``.</doc>
<arguments>
<arg>xpath=//div[@id='listRow']/div[${i}]//div[contains(@class,'AskingPrice')]</arg>
</arguments>
<assign>
<var>${AskPrice}</var>
</assign>
<msg timestamp="20220130 19:17:33.822" level="INFO">${AskPrice} = $669,000</msg>
<status status="PASS" starttime="20220130 19:17:33.757" endtime="20220130 19:17:33.822"></status>
</kw>
<kw name="Append To List" library="Collections">
<doc>Adds ``values`` to the end of ``list``.</doc>
<arguments>
<arg>${houses}</arg>
<arg>${AskPrice}</arg>
</arguments>
<status status="PASS" starttime="20220130 19:17:33.823" endtime="20220130 19:17:33.824"></status>
</kw>
<status status="PASS" starttime="20220130 19:17:33.757" endtime="20220130 19:17:33.824"></status>
</kw>
<kw name="${i} = 32" type="foritem">
<kw name="Get Text" library="SeleniumLibrary">
<doc>Returns the text value of the element identified by ``locator``.</doc>
<arguments>
<arg>xpath=//div[@id='listRow']/div[${i}]//div[contains(@class,'AskingPrice')]</arg>
</arguments>
<assign>
<var>${AskPrice}</var>
</assign>
<msg timestamp="20220130 19:17:33.881" level="INFO">${AskPrice} = $990,000</msg>
<status status="PASS" starttime="20220130 19:17:33.825" endtime="20220130 19:17:33.881"></status>
</kw>
<kw name="Append To List" library="Collections">
<doc>Adds ``values`` to the end of ``list``.</doc>
<arguments>
<arg>${houses}</arg>
<arg>${AskPrice}</arg>
</arguments>
<status status="PASS" starttime="20220130 19:17:33.882" endtime="20220130 19:17:33.883"></status>
</kw>
<status status="PASS" starttime="20220130 19:17:33.825" endtime="20220130 19:17:33.883"></status>
</kw>
<kw name="${i} = 33" type="foritem">
<kw name="Get Text" library="SeleniumLibrary">
<doc>Returns the text value of the element identified by ``locator``.</doc>
<arguments>
<arg>xpath=//div[@id='listRow']/div[${i}]//div[contains(@class,'AskingPrice')]</arg>
</arguments>
<assign>
<var>${AskPrice}</var>
</assign>
<msg timestamp="20220130 19:17:33.952" level="INFO">${AskPrice} = $499,900</msg>
<status status="PASS" starttime="20220130 19:17:33.885" endtime="20220130 19:17:33.952"></status>
</kw>
<kw name="Append To List" library="Collections">
<doc>Adds ``values`` to the end of ``list``.</doc>
<arguments>
<arg>${houses}</arg>
<arg>${AskPrice}</arg>
</arguments>
<status status="PASS" starttime="20220130 19:17:33.953" endtime="20220130 19:17:33.955"></status>
</kw>
<status status="PASS" starttime="20220130 19:17:33.884" endtime="20220130 19:17:33.955"></status>
</kw>
<kw name="${i} = 34" type="foritem">
<kw name="Get Text" library="SeleniumLibrary">
<doc>Returns the text value of the element identified by ``locator``.</doc>
<arguments>
<arg>xpath=//div[@id='listRow']/div[${i}]//div[contains(@class,'AskingPrice')]</arg>
</arguments>
<assign>
<var>${AskPrice}</var>
</assign>
<msg timestamp="20220130 19:17:34.014" level="INFO">${AskPrice} = $999,999</msg>
<status status="PASS" starttime="20220130 19:17:33.956" endtime="20220130 19:17:34.015"></status>
</kw>
<kw name="Append To List" library="Collections">
<doc>Adds ``values`` to the end of ``list``.</doc>
<arguments>
<arg>${houses}</arg>
<arg>${AskPrice}</arg>
</arguments>
<status status="PASS" starttime="20220130 19:17:34.015" endtime="20220130 19:17:34.017"></status>
</kw>
<status status="PASS" starttime="20220130 19:17:33.955" endtime="20220130 19:17:34.017"></status>
</kw>
<kw name="${i} = 35" type="foritem">
<kw name="Get Text" library="SeleniumLibrary">
<doc>Returns the text value of the element identified by ``locator``.</doc>
<arguments>
<arg>xpath=//div[@id='listRow']/div[${i}]//div[contains(@class,'AskingPrice')]</arg>
</arguments>
<assign>
<var>${AskPrice}</var>
</assign>
<msg timestamp="20220130 19:17:34.079" level="INFO">${AskPrice} = $724,000</msg>
<status status="PASS" starttime="20220130 19:17:34.019" endtime="20220130 19:17:34.079"></status>
</kw>
<kw name="Append To List" library="Collections">
<doc>Adds ``values`` to the end of ``list``.</doc>
<arguments>
<arg>${houses}</arg>
<arg>${AskPrice}</arg>
</arguments>
<status status="PASS" starttime="20220130 19:17:34.079" endtime="20220130 19:17:34.080"></status>
</kw>
<status status="PASS" starttime="20220130 19:17:34.018" endtime="20220130 19:17:34.080"></status>
</kw>
<kw name="${i} = 36" type="foritem">
<kw name="Get Text" library="SeleniumLibrary">
<doc>Returns the text value of the element identified by ``locator``.</doc>
<arguments>
<arg>xpath=//div[@id='listRow']/div[${i}]//div[contains(@class,'AskingPrice')]</arg>
</arguments>
<assign>
<var>${AskPrice}</var>
</assign>
<msg timestamp="20220130 19:17:34.157" level="INFO">${AskPrice} = $439,000</msg>
<status status="PASS" starttime="20220130 19:17:34.081" endtime="20220130 19:17:34.157"></status>
</kw>
<kw name="Append To List" library="Collections">
<doc>Adds ``values`` to the end of ``list``.</doc>
<arguments>
<arg>${houses}</arg>
<arg>${AskPrice}</arg>
</arguments>
<status status="PASS" starttime="20220130 19:17:34.157" endtime="20220130 19:17:34.159"></status>
</kw>
<status status="PASS" starttime="20220130 19:17:34.080" endtime="20220130 19:17:34.159"></status>
</kw>
<kw name="${i} = 37" type="foritem">
<kw name="Get Text" library="SeleniumLibrary">
<doc>Returns the text value of the element identified by ``locator``.</doc>
<arguments>
<arg>xpath=//div[@id='listRow']/div[${i}]//div[contains(@class,'AskingPrice')]</arg>
</arguments>
<assign>
<var>${AskPrice}</var>
</assign>
<msg timestamp="20220130 19:17:34.246" level="INFO">${AskPrice} = $999,999</msg>
<status status="PASS" starttime="20220130 19:17:34.160" endtime="20220130 19:17:34.246"></status>
</kw>
<kw name="Append To List" library="Collections">
<doc>Adds ``values`` to the end of ``list``.</doc>
<arguments>
<arg>${houses}</arg>
<arg>${AskPrice}</arg>
</arguments>
<status status="PASS" starttime="20220130 19:17:34.247" endtime="20220130 19:17:34.248"></status>
</kw>
<status status="PASS" starttime="20220130 19:17:34.159" endtime="20220130 19:17:34.248"></status>
</kw>
<kw name="${i} = 38" type="foritem">
<kw name="Get Text" library="SeleniumLibrary">
<doc>Returns the text value of the element identified by ``locator``.</doc>
<arguments>
<arg>xpath=//div[@id='listRow']/div[${i}]//div[contains(@class,'AskingPrice')]</arg>
</arguments>
<assign>
<var>${AskPrice}</var>
</assign>
<msg timestamp="20220130 19:17:34.317" level="INFO">${AskPrice} = $1,728,000</msg>
<status status="PASS" starttime="20220130 19:17:34.249" endtime="20220130 19:17:34.317"></status>
</kw>
<kw name="Append To List" library="Collections">
<doc>Adds ``values`` to the end of ``list``.</doc>
<arguments>
<arg>${houses}</arg>
<arg>${AskPrice}</arg>
</arguments>
<status status="PASS" starttime="20220130 19:17:34.318" endtime="20220130 19:17:34.320"></status>
</kw>
<status status="PASS" starttime="20220130 19:17:34.248" endtime="20220130 19:17:34.320"></status>
</kw>
<kw name="${i} = 39" type="foritem">
<kw name="Get Text" library="SeleniumLibrary">
<doc>Returns the text value of the element identified by ``locator``.</doc>
<arguments>
<arg>xpath=//div[@id='listRow']/div[${i}]//div[contains(@class,'AskingPrice')]</arg>
</arguments>
<assign>
<var>${AskPrice}</var>
</assign>
<msg timestamp="20220130 19:17:34.380" level="INFO">${AskPrice} = $549,999</msg>
<status status="PASS" starttime="20220130 19:17:34.321" endtime="20220130 19:17:34.380"></status>
</kw>
<kw name="Append To List" library="Collections">
<doc>Adds ``values`` to the end of ``list``.</doc>
<arguments>
<arg>${houses}</arg>
<arg>${AskPrice}</arg>
</arguments>
<status status="PASS" starttime="20220130 19:17:34.381" endtime="20220130 19:17:34.382"></status>
</kw>
<status status="PASS" starttime="20220130 19:17:34.320" endtime="20220130 19:17:34.382"></status>
</kw>
<kw name="${i} = 40" type="foritem">
<kw name="Get Text" library="SeleniumLibrary">
<doc>Returns the text value of the element identified by ``locator``.</doc>
<arguments>
<arg>xpath=//div[@id='listRow']/div[${i}]//div[contains(@class,'AskingPrice')]</arg>
</arguments>
<assign>
<var>${AskPrice}</var>
</assign>
<msg timestamp="20220130 19:17:34.443" level="INFO">${AskPrice} = $999,999</msg>
<status status="PASS" starttime="20220130 19:17:34.383" endtime="20220130 19:17:34.443"></status>
</kw>
<kw name="Append To List" library="Collections">
<doc>Adds ``values`` to the end of ``list``.</doc>
<arguments>
<arg>${houses}</arg>
<arg>${AskPrice}</arg>
</arguments>
<status status="PASS" starttime="20220130 19:17:34.444" endtime="20220130 19:17:34.444"></status>
</kw>
<status status="PASS" starttime="20220130 19:17:34.382" endtime="20220130 19:17:34.444"></status>
</kw>
<kw name="${i} = 41" type="foritem">
<kw name="Get Text" library="SeleniumLibrary">
<doc>Returns the text value of the element identified by ``locator``.</doc>
<arguments>
<arg>xpath=//div[@id='listRow']/div[${i}]//div[contains(@class,'AskingPrice')]</arg>
</arguments>
<assign>
<var>${AskPrice}</var>
</assign>
<msg timestamp="20220130 19:17:34.507" level="INFO">${AskPrice} = $999,999</msg>
<status status="PASS" starttime="20220130 19:17:34.445" endtime="20220130 19:17:34.507"></status>
</kw>
<kw name="Append To List" library="Collections">
<doc>Adds ``values`` to the end of ``list``.</doc>
<arguments>
<arg>${houses}</arg>
<arg>${AskPrice}</arg>
</arguments>
<status status="PASS" starttime="20220130 19:17:34.507" endtime="20220130 19:17:34.508"></status>
</kw>
<status status="PASS" starttime="20220130 19:17:34.445" endtime="20220130 19:17:34.508"></status>
</kw>
<kw name="${i} = 42" type="foritem">
<kw name="Get Text" library="SeleniumLibrary">
<doc>Returns the text value of the element identified by ``locator``.</doc>
<arguments>
<arg>xpath=//div[@id='listRow']/div[${i}]//div[contains(@class,'AskingPrice')]</arg>
</arguments>
<assign>
<var>${AskPrice}</var>
</assign>
<msg timestamp="20220130 19:17:34.565" level="INFO">${AskPrice} = $788,800</msg>
<status status="PASS" starttime="20220130 19:17:34.509" endtime="20220130 19:17:34.565"></status>
</kw>
<kw name="Append To List" library="Collections">
<doc>Adds ``values`` to the end of ``list``.</doc>
<arguments>
<arg>${houses}</arg>
<arg>${AskPrice}</arg>
</arguments>
<status status="PASS" starttime="20220130 19:17:34.566" endtime="20220130 19:17:34.568"></status>
</kw>
<status status="PASS" starttime="20220130 19:17:34.509" endtime="20220130 19:17:34.568"></status>
</kw>
<kw name="${i} = 43" type="foritem">
<kw name="Get Text" library="SeleniumLibrary">
<doc>Returns the text value of the element identified by ``locator``.</doc>
<arguments>
<arg>xpath=//div[@id='listRow']/div[${i}]//div[contains(@class,'AskingPrice')]</arg>
</arguments>
<assign>
<var>${AskPrice}</var>
</assign>
<msg timestamp="20220130 19:17:34.638" level="INFO">${AskPrice} = $999,999</msg>
<status status="PASS" starttime="20220130 19:17:34.569" endtime="20220130 19:17:34.638"></status>
</kw>
<kw name="Append To List" library="Collections">
<doc>Adds ``values`` to the end of ``list``.</doc>
<arguments>
<arg>${houses}</arg>
<arg>${AskPrice}</arg>
</arguments>
<status status="PASS" starttime="20220130 19:17:34.639" endtime="20220130 19:17:34.640"></status>
</kw>
<status status="PASS" starttime="20220130 19:17:34.568" endtime="20220130 19:17:34.640"></status>
</kw>
<kw name="${i} = 44" type="foritem">
<kw name="Get Text" library="SeleniumLibrary">
<doc>Returns the text value of the element identified by ``locator``.</doc>
<arguments>
<arg>xpath=//div[@id='listRow']/div[${i}]//div[contains(@class,'AskingPrice')]</arg>
</arguments>
<assign>
<var>${AskPrice}</var>
</assign>
<msg timestamp="20220130 19:17:34.701" level="INFO">${AskPrice} = $1,725,000</msg>
<status status="PASS" starttime="20220130 19:17:34.641" endtime="20220130 19:17:34.701"></status>
</kw>
<kw name="Append To List" library="Collections">
<doc>Adds ``values`` to the end of ``list``.</doc>
<arguments>
<arg>${houses}</arg>
<arg>${AskPrice}</arg>
</arguments>
<status status="PASS" starttime="20220130 19:17:34.701" endtime="20220130 19:17:34.703"></status>
</kw>
<status status="PASS" starttime="20220130 19:17:34.640" endtime="20220130 19:17:34.703"></status>
</kw>
<kw name="${i} = 45" type="foritem">
<kw name="Get Text" library="SeleniumLibrary">
<doc>Returns the text value of the element identified by ``locator``.</doc>
<arguments>
<arg>xpath=//div[@id='listRow']/div[${i}]//div[contains(@class,'AskingPrice')]</arg>
</arguments>
<assign>
<var>${AskPrice}</var>
</assign>
<msg timestamp="20220130 19:17:34.766" level="INFO">${AskPrice} = $599,999</msg>
<status status="PASS" starttime="20220130 19:17:34.704" endtime="20220130 19:17:34.766"></status>
</kw>
<kw name="Append To List" library="Collections">
<doc>Adds ``values`` to the end of ``list``.</doc>
<arguments>
<arg>${houses}</arg>
<arg>${AskPrice}</arg>
</arguments>
<status status="PASS" starttime="20220130 19:17:34.767" endtime="20220130 19:17:34.769"></status>
</kw>
<status status="PASS" starttime="20220130 19:17:34.703" endtime="20220130 19:17:34.769"></status>
</kw>
<kw name="${i} = 46" type="foritem">
<kw name="Get Text" library="SeleniumLibrary">
<doc>Returns the text value of the element identified by ``locator``.</doc>
<arguments>
<arg>xpath=//div[@id='listRow']/div[${i}]//div[contains(@class,'AskingPrice')]</arg>
</arguments>
<assign>
<var>${AskPrice}</var>
</assign>
<msg timestamp="20220130 19:17:34.836" level="INFO">${AskPrice} = $738,000</msg>
<status status="PASS" starttime="20220130 19:17:34.770" endtime="20220130 19:17:34.836"></status>
</kw>
<kw name="Append To List" library="Collections">
<doc>Adds ``values`` to the end of ``list``.</doc>
<arguments>
<arg>${houses}</arg>
<arg>${AskPrice}</arg>
</arguments>
<status status="PASS" starttime="20220130 19:17:34.837" endtime="20220130 19:17:34.838"></status>
</kw>
<status status="PASS" starttime="20220130 19:17:34.769" endtime="20220130 19:17:34.838"></status>
</kw>
<kw name="${i} = 47" type="foritem">
<kw name="Get Text" library="SeleniumLibrary">
<doc>Returns the text value of the element identified by ``locator``.</doc>
<arguments>
<arg>xpath=//div[@id='listRow']/div[${i}]//div[contains(@class,'AskingPrice')]</arg>
</arguments>
<assign>
<var>${AskPrice}</var>
</assign>
<msg timestamp="20220130 19:17:34.894" level="INFO">${AskPrice} = $555,000</msg>
<status status="PASS" starttime="20220130 19:17:34.839" endtime="20220130 19:17:34.894"></status>
</kw>
<kw name="Append To List" library="Collections">
<doc>Adds ``values`` to the end of ``list``.</doc>
<arguments>
<arg>${houses}</arg>
<arg>${AskPrice}</arg>
</arguments>
<status status="PASS" starttime="20220130 19:17:34.894" endtime="20220130 19:17:34.895"></status>
</kw>
<status status="PASS" starttime="20220130 19:17:34.839" endtime="20220130 19:17:34.895"></status>
</kw>
<status status="PASS" starttime="20220130 19:17:28.839" endtime="20220130 19:17:34.895"></status>
</kw>
<kw name="Log To Console" library="BuiltIn">
<doc>Logs the given message to the console.</doc>
<arguments>
<arg>Property Prices:</arg>
</arguments>
<status status="PASS" starttime="20220130 19:17:34.896" endtime="20220130 19:17:34.897"></status>
</kw>
<kw name="${Element} IN [ @{houses} ]" type="for">
<kw name="${Element} = $998,000" type="foritem">
<kw name="Log To Console" library="BuiltIn">
<doc>Logs the given message to the console.</doc>
<arguments>
<arg>${Element}</arg>
</arguments>
<status status="PASS" starttime="20220130 19:17:34.899" endtime="20220130 19:17:34.901"></status>
</kw>
<status status="PASS" starttime="20220130 19:17:34.898" endtime="20220130 19:17:34.902"></status>
</kw>
<kw name="${Element} = $549,800" type="foritem">
<kw name="Log To Console" library="BuiltIn">
<doc>Logs the given message to the console.</doc>
<arguments>
<arg>${Element}</arg>
</arguments>
<status status="PASS" starttime="20220130 19:17:34.904" endtime="20220130 19:17:34.909"></status>
</kw>
<status status="PASS" starttime="20220130 19:17:34.902" endtime="20220130 19:17:34.909"></status>
</kw>
<kw name="${Element} = $610,000" type="foritem">
<kw name="Log To Console" library="BuiltIn">
<doc>Logs the given message to the console.</doc>
<arguments>
<arg>${Element}</arg>
</arguments>
<status status="PASS" starttime="20220130 19:17:34.910" endtime="20220130 19:17:34.911"></status>
</kw>
<status status="PASS" starttime="20220130 19:17:34.909" endtime="20220130 19:17:34.911"></status>
</kw>
<kw name="${Element} = $899,900" type="foritem">
<kw name="Log To Console" library="BuiltIn">
<doc>Logs the given message to the console.</doc>
<arguments>
<arg>${Element}</arg>
</arguments>
<status status="PASS" starttime="20220130 19:17:34.912" endtime="20220130 19:17:34.913"></status>
</kw>
<status status="PASS" starttime="20220130 19:17:34.911" endtime="20220130 19:17:34.914"></status>
</kw>
<kw name="${Element} = $1,174,900" type="foritem">
<kw name="Log To Console" library="BuiltIn">
<doc>Logs the given message to the console.</doc>
<arguments>
<arg>${Element}</arg>
</arguments>
<status status="PASS" starttime="20220130 19:17:34.914" endtime="20220130 19:17:34.933"></status>
</kw>
<status status="PASS" starttime="20220130 19:17:34.914" endtime="20220130 19:17:34.933"></status>
</kw>
<kw name="${Element} = $1,089,900" type="foritem">
<kw name="Log To Console" library="BuiltIn">
<doc>Logs the given message to the console.</doc>
<arguments>
<arg>${Element}</arg>
</arguments>
<status status="PASS" starttime="20220130 19:17:34.934" endtime="20220130 19:17:34.937"></status>
</kw>
<status status="PASS" starttime="20220130 19:17:34.934" endtime="20220130 19:17:34.937"></status>
</kw>
<kw name="${Element} = $649,900" type="foritem">
<kw name="Log To Console" library="BuiltIn">
<doc>Logs the given message to the console.</doc>
<arguments>
<arg>${Element}</arg>
</arguments>
<status status="PASS" starttime="20220130 19:17:34.937" endtime="20220130 19:17:34.939"></status>
</kw>
<status status="PASS" starttime="20220130 19:17:34.937" endtime="20220130 19:17:34.939"></status>
</kw>
<kw name="${Element} = $599,900" type="foritem">
<kw name="Log To Console" library="BuiltIn">
<doc>Logs the given message to the console.</doc>
<arguments>
<arg>${Element}</arg>
</arguments>
<status status="PASS" starttime="20220130 19:17:34.940" endtime="20220130 19:17:34.941"></status>
</kw>
<status status="PASS" starttime="20220130 19:17:34.939" endtime="20220130 19:17:34.942"></status>
</kw>
<kw name="${Element} = $579,900" type="foritem">
<kw name="Log To Console" library="BuiltIn">
<doc>Logs the given message to the console.</doc>
<arguments>
<arg>${Element}</arg>
</arguments>
<status status="PASS" starttime="20220130 19:17:34.942" endtime="20220130 19:17:34.944"></status>
</kw>
<status status="PASS" starttime="20220130 19:17:34.942" endtime="20220130 19:17:34.944"></status>
</kw>
<kw name="${Element} = $849,999" type="foritem">
<kw name="Log To Console" library="BuiltIn">
<doc>Logs the given message to the console.</doc>
<arguments>
<arg>${Element}</arg>
</arguments>
<status status="PASS" starttime="20220130 19:17:34.944" endtime="20220130 19:17:34.946"></status>
</kw>
<status status="PASS" starttime="20220130 19:17:34.944" endtime="20220130 19:17:34.946"></status>
</kw>
<kw name="${Element} = $816,000" type="foritem">
<kw name="Log To Console" library="BuiltIn">
<doc>Logs the given message to the console.</doc>
<arguments>
<arg>${Element}</arg>
</arguments>
<status status="PASS" starttime="20220130 19:17:34.946" endtime="20220130 19:17:34.948"></status>
</kw>
<status status="PASS" starttime="20220130 19:17:34.946" endtime="20220130 19:17:34.948"></status>
</kw>
<kw name="${Element} = $624,900" type="foritem">
<kw name="Log To Console" library="BuiltIn">
<doc>Logs the given message to the console.</doc>
<arguments>
<arg>${Element}</arg>
</arguments>
<status status="PASS" starttime="20220130 19:17:34.949" endtime="20220130 19:17:34.951"></status>
</kw>
<status status="PASS" starttime="20220130 19:17:34.948" endtime="20220130 19:17:34.951"></status>
</kw>
<kw name="${Element} = $1,249,500" type="foritem">
<kw name="Log To Console" library="BuiltIn">
<doc>Logs the given message to the console.</doc>
<arguments>
<arg>${Element}</arg>
</arguments>
<status status="PASS" starttime="20220130 19:17:34.952" endtime="20220130 19:17:34.953"></status>
</kw>
<status status="PASS" starttime="20220130 19:17:34.951" endtime="20220130 19:17:34.953"></status>
</kw>
<kw name="${Element} = $739,990" type="foritem">
<kw name="Log To Console" library="BuiltIn">
<doc>Logs the given message to the console.</doc>
<arguments>
<arg>${Element}</arg>
</arguments>
<status status="PASS" starttime="20220130 19:17:34.954" endtime="20220130 19:17:34.955"></status>
</kw>
<status status="PASS" starttime="20220130 19:17:34.953" endtime="20220130 19:17:34.955"></status>
</kw>
<kw name="${Element} = $449,999" type="foritem">
<kw name="Log To Console" library="BuiltIn">
<doc>Logs the given message to the console.</doc>
<arguments>
<arg>${Element}</arg>
</arguments>
<status status="PASS" starttime="20220130 19:17:34.956" endtime="20220130 19:17:34.957"></status>
</kw>
<status status="PASS" starttime="20220130 19:17:34.955" endtime="20220130 19:17:34.957"></status>
</kw>
<kw name="${Element} = $999,999" type="foritem">
<kw name="Log To Console" library="BuiltIn">
<doc>Logs the given message to the console.</doc>
<arguments>
<arg>${Element}</arg>
</arguments>
<status status="PASS" starttime="20220130 19:17:34.958" endtime="20220130 19:17:34.959"></status>
</kw>
<status status="PASS" starttime="20220130 19:17:34.957" endtime="20220130 19:17:34.959"></status>
</kw>
<kw name="${Element} = $599,000" type="foritem">
<kw name="Log To Console" library="BuiltIn">
<doc>Logs the given message to the console.</doc>
<arguments>
<arg>${Element}</arg>
</arguments>
<status status="PASS" starttime="20220130 19:17:34.959" endtime="20220130 19:17:34.960"></status>
</kw>
<status status="PASS" starttime="20220130 19:17:34.959" endtime="20220130 19:17:34.960"></status>
</kw>
<kw name="${Element} = $659,990" type="foritem">
<kw name="Log To Console" library="BuiltIn">
<doc>Logs the given message to the console.</doc>
<arguments>
<arg>${Element}</arg>
</arguments>
<status status="PASS" starttime="20220130 19:17:34.961" endtime="20220130 19:17:34.962"></status>
</kw>
<status status="PASS" starttime="20220130 19:17:34.960" endtime="20220130 19:17:34.962"></status>
</kw>
<kw name="${Element} = $999,999" type="foritem">
<kw name="Log To Console" library="BuiltIn">
<doc>Logs the given message to the console.</doc>
<arguments>
<arg>${Element}</arg>
</arguments>
<status status="PASS" starttime="20220130 19:17:34.962" endtime="20220130 19:17:34.963"></status>
</kw>
<status status="PASS" starttime="20220130 19:17:34.962" endtime="20220130 19:17:34.963"></status>
</kw>
<kw name="${Element} = $609,000" type="foritem">
<kw name="Log To Console" library="BuiltIn">
<doc>Logs the given message to the console.</doc>
<arguments>
<arg>${Element}</arg>
</arguments>
<status status="PASS" starttime="20220130 19:17:34.964" endtime="20220130 19:17:34.966"></status>
</kw>
<status status="PASS" starttime="20220130 19:17:34.963" endtime="20220130 19:17:34.966"></status>
</kw>
<kw name="${Element} = $679,000" type="foritem">
<kw name="Log To Console" library="BuiltIn">
<doc>Logs the given message to the console.</doc>
<arguments>
<arg>${Element}</arg>
</arguments>
<status status="PASS" starttime="20220130 19:17:34.967" endtime="20220130 19:17:34.968"></status>
</kw>
<status status="PASS" starttime="20220130 19:17:34.967" endtime="20220130 19:17:34.969"></status>
</kw>
<kw name="${Element} = $699,900" type="foritem">
<kw name="Log To Console" library="BuiltIn">
<doc>Logs the given message to the console.</doc>
<arguments>
<arg>${Element}</arg>
</arguments>
<status status="PASS" starttime="20220130 19:17:34.970" endtime="20220130 19:17:34.972"></status>
</kw>
<status status="PASS" starttime="20220130 19:17:34.970" endtime="20220130 19:17:34.972"></status>
</kw>
<kw name="${Element} = $499,000" type="foritem">
<kw name="Log To Console" library="BuiltIn">
<doc>Logs the given message to the console.</doc>
<arguments>
<arg>${Element}</arg>
</arguments>
<status status="PASS" starttime="20220130 19:17:34.973" endtime="20220130 19:17:34.975"></status>
</kw>
<status status="PASS" starttime="20220130 19:17:34.973" endtime="20220130 19:17:34.975"></status>
</kw>
<kw name="${Element} = $699,000" type="foritem">
<kw name="Log To Console" library="BuiltIn">
<doc>Logs the given message to the console.</doc>
<arguments>
<arg>${Element}</arg>
</arguments>
<status status="PASS" starttime="20220130 19:17:34.976" endtime="20220130 19:17:34.978"></status>
</kw>
<status status="PASS" starttime="20220130 19:17:34.975" endtime="20220130 19:17:34.978"></status>
</kw>
<kw name="${Element} = $688,000" type="foritem">
<kw name="Log To Console" library="BuiltIn">
<doc>Logs the given message to the console.</doc>
<arguments>
<arg>${Element}</arg>
</arguments>
<status status="PASS" starttime="20220130 19:17:34.979" endtime="20220130 19:17:34.980"></status>
</kw>
<status status="PASS" starttime="20220130 19:17:34.978" endtime="20220130 19:17:34.980"></status>
</kw>
<kw name="${Element} = $750,000" type="foritem">
<kw name="Log To Console" library="BuiltIn">
<doc>Logs the given message to the console.</doc>
<arguments>
<arg>${Element}</arg>
</arguments>
<status status="PASS" starttime="20220130 19:17:34.981" endtime="20220130 19:17:34.986"></status>
</kw>
<status status="PASS" starttime="20220130 19:17:34.980" endtime="20220130 19:17:34.986"></status>
</kw>
<kw name="${Element} = $569,900" type="foritem">
<kw name="Log To Console" library="BuiltIn">
<doc>Logs the given message to the console.</doc>
<arguments>
<arg>${Element}</arg>
</arguments>
<status status="PASS" starttime="20220130 19:17:34.987" endtime="20220130 19:17:34.988"></status>
</kw>
<status status="PASS" starttime="20220130 19:17:34.986" endtime="20220130 19:17:34.988"></status>
</kw>
<kw name="${Element} = $559,900" type="foritem">
<kw name="Log To Console" library="BuiltIn">
<doc>Logs the given message to the console.</doc>
<arguments>
<arg>${Element}</arg>
</arguments>
<status status="PASS" starttime="20220130 19:17:34.989" endtime="20220130 19:17:34.990"></status>
</kw>
<status status="PASS" starttime="20220130 19:17:34.988" endtime="20220130 19:17:34.991"></status>
</kw>
<kw name="${Element} = $999,000" type="foritem">
<kw name="Log To Console" library="BuiltIn">
<doc>Logs the given message to the console.</doc>
<arguments>
<arg>${Element}</arg>
</arguments>
<status status="PASS" starttime="20220130 19:17:34.991" endtime="20220130 19:17:34.993"></status>
</kw>
<status status="PASS" starttime="20220130 19:17:34.991" endtime="20220130 19:17:34.993"></status>
</kw>
<kw name="${Element} = $999,999" type="foritem">
<kw name="Log To Console" library="BuiltIn">
<doc>Logs the given message to the console.</doc>
<arguments>
<arg>${Element}</arg>
</arguments>
<status status="PASS" starttime="20220130 19:17:34.994" endtime="20220130 19:17:34.999"></status>
</kw>
<status status="PASS" starttime="20220130 19:17:34.993" endtime="20220130 19:17:34.999"></status>
</kw>
<kw name="${Element} = $669,000" type="foritem">
<kw name="Log To Console" library="BuiltIn">
<doc>Logs the given message to the console.</doc>
<arguments>
<arg>${Element}</arg>
</arguments>
<status status="PASS" starttime="20220130 19:17:35.000" endtime="20220130 19:17:35.003"></status>
</kw>
<status status="PASS" starttime="20220130 19:17:34.999" endtime="20220130 19:17:35.003"></status>
</kw>
<kw name="${Element} = $990,000" type="foritem">
<kw name="Log To Console" library="BuiltIn">
<doc>Logs the given message to the console.</doc>
<arguments>
<arg>${Element}</arg>
</arguments>
<status status="PASS" starttime="20220130 19:17:35.004" endtime="20220130 19:17:35.005"></status>
</kw>
<status status="PASS" starttime="20220130 19:17:35.003" endtime="20220130 19:17:35.005"></status>
</kw>
<kw name="${Element} = $499,900" type="foritem">
<kw name="Log To Console" library="BuiltIn">
<doc>Logs the given message to the console.</doc>
<arguments>
<arg>${Element}</arg>
</arguments>
<status status="PASS" starttime="20220130 19:17:35.006" endtime="20220130 19:17:35.007"></status>
</kw>
<status status="PASS" starttime="20220130 19:17:35.006" endtime="20220130 19:17:35.008"></status>
</kw>
<kw name="${Element} = $999,999" type="foritem">
<kw name="Log To Console" library="BuiltIn">
<doc>Logs the given message to the console.</doc>
<arguments>
<arg>${Element}</arg>
</arguments>
<status status="PASS" starttime="20220130 19:17:35.009" endtime="20220130 19:17:35.011"></status>
</kw>
<status status="PASS" starttime="20220130 19:17:35.008" endtime="20220130 19:17:35.011"></status>
</kw>
<kw name="${Element} = $724,000" type="foritem">
<kw name="Log To Console" library="BuiltIn">
<doc>Logs the given message to the console.</doc>
<arguments>
<arg>${Element}</arg>
</arguments>
<status status="PASS" starttime="20220130 19:17:35.015" endtime="20220130 19:17:35.019"></status>
</kw>
<status status="PASS" starttime="20220130 19:17:35.013" endtime="20220130 19:17:35.019"></status>
</kw>
<kw name="${Element} = $439,000" type="foritem">
<kw name="Log To Console" library="BuiltIn">
<doc>Logs the given message to the console.</doc>
<arguments>
<arg>${Element}</arg>
</arguments>
<status status="PASS" starttime="20220130 19:17:35.020" endtime="20220130 19:17:35.021"></status>
</kw>
<status status="PASS" starttime="20220130 19:17:35.019" endtime="20220130 19:17:35.021"></status>
</kw>
<kw name="${Element} = $999,999" type="foritem">
<kw name="Log To Console" library="BuiltIn">
<doc>Logs the given message to the console.</doc>
<arguments>
<arg>${Element}</arg>
</arguments>
<status status="PASS" starttime="20220130 19:17:35.021" endtime="20220130 19:17:35.022"></status>
</kw>
<status status="PASS" starttime="20220130 19:17:35.021" endtime="20220130 19:17:35.023"></status>
</kw>
<kw name="${Element} = $1,728,000" type="foritem">
<kw name="Log To Console" library="BuiltIn">
<doc>Logs the given message to the console.</doc>
<arguments>
<arg>${Element}</arg>
</arguments>
<status status="PASS" starttime="20220130 19:17:35.023" endtime="20220130 19:17:35.023"></status>
</kw>
<status status="PASS" starttime="20220130 19:17:35.023" endtime="20220130 19:17:35.024"></status>
</kw>
<kw name="${Element} = $549,999" type="foritem">
<kw name="Log To Console" library="BuiltIn">
<doc>Logs the given message to the console.</doc>
<arguments>
<arg>${Element}</arg>
</arguments>
<status status="PASS" starttime="20220130 19:17:35.024" endtime="20220130 19:17:35.026"></status>
</kw>
<status status="PASS" starttime="20220130 19:17:35.024" endtime="20220130 19:17:35.026"></status>
</kw>
<kw name="${Element} = $999,999" type="foritem">
<kw name="Log To Console" library="BuiltIn">
<doc>Logs the given message to the console.</doc>
<arguments>
<arg>${Element}</arg>
</arguments>
<status status="PASS" starttime="20220130 19:17:35.026" endtime="20220130 19:17:35.057"></status>
</kw>
<status status="PASS" starttime="20220130 19:17:35.026" endtime="20220130 19:17:35.057"></status>
</kw>
<kw name="${Element} = $999,999" type="foritem">
<kw name="Log To Console" library="BuiltIn">
<doc>Logs the given message to the console.</doc>
<arguments>
<arg>${Element}</arg>
</arguments>
<status status="PASS" starttime="20220130 19:17:35.058" endtime="20220130 19:17:35.060"></status>
</kw>
<status status="PASS" starttime="20220130 19:17:35.058" endtime="20220130 19:17:35.060"></status>
</kw>
<kw name="${Element} = $788,800" type="foritem">
<kw name="Log To Console" library="BuiltIn">
<doc>Logs the given message to the console.</doc>
<arguments>
<arg>${Element}</arg>
</arguments>
<status status="PASS" starttime="20220130 19:17:35.061" endtime="20220130 19:17:35.064"></status>
</kw>
<status status="PASS" starttime="20220130 19:17:35.060" endtime="20220130 19:17:35.064"></status>
</kw>
<kw name="${Element} = $999,999" type="foritem">
<kw name="Log To Console" library="BuiltIn">
<doc>Logs the given message to the console.</doc>
<arguments>
<arg>${Element}</arg>
</arguments>
<status status="PASS" starttime="20220130 19:17:35.065" endtime="20220130 19:17:35.067"></status>
</kw>
<status status="PASS" starttime="20220130 19:17:35.065" endtime="20220130 19:17:35.067"></status>
</kw>
<kw name="${Element} = $1,725,000" type="foritem">
<kw name="Log To Console" library="BuiltIn">
<doc>Logs the given message to the console.</doc>
<arguments>
<arg>${Element}</arg>
</arguments>
<status status="PASS" starttime="20220130 19:17:35.068" endtime="20220130 19:17:35.070"></status>
</kw>
<status status="PASS" starttime="20220130 19:17:35.067" endtime="20220130 19:17:35.070"></status>
</kw>
<kw name="${Element} = $599,999" type="foritem">
<kw name="Log To Console" library="BuiltIn">
<doc>Logs the given message to the console.</doc>
<arguments>
<arg>${Element}</arg>
</arguments>
<status status="PASS" starttime="20220130 19:17:35.070" endtime="20220130 19:17:35.072"></status>
</kw>
<status status="PASS" starttime="20220130 19:17:35.070" endtime="20220130 19:17:35.072"></status>
</kw>
<kw name="${Element} = $738,000" type="foritem">
<kw name="Log To Console" library="BuiltIn">
<doc>Logs the given message to the console.</doc>
<arguments>
<arg>${Element}</arg>
</arguments>
<status status="PASS" starttime="20220130 19:17:35.072" endtime="20220130 19:17:35.075"></status>
</kw>
<status status="PASS" starttime="20220130 19:17:35.072" endtime="20220130 19:17:35.075"></status>
</kw>
<kw name="${Element} = $555,000" type="foritem">
<kw name="Log To Console" library="BuiltIn">
<doc>Logs the given message to the console.</doc>
<arguments>
<arg>${Element}</arg>
</arguments>
<status status="PASS" starttime="20220130 19:17:35.077" endtime="20220130 19:17:35.080"></status>
</kw>
<status status="PASS" starttime="20220130 19:17:35.076" endtime="20220130 19:17:35.081"></status>
</kw>
<status status="PASS" starttime="20220130 19:17:34.897" endtime="20220130 19:17:35.081"></status>
</kw>
<kw name="Click Element" library="SeleniumLibrary">
<doc>Click the element identified by ``locator``.</doc>
<arguments>
<arg>${SelectedProperty}</arg>
</arguments>
<msg timestamp="20220130 19:17:35.082" level="INFO">Clicking element 'xpath=//div[@id='listRow']/div[5]/div/a/div[1]'.</msg>
<status status="PASS" starttime="20220130 19:17:35.081" endtime="20220130 19:17:35.876"></status>
</kw>
<status status="PASS" starttime="20220130 19:17:23.526" endtime="20220130 19:17:35.877"></status>
</kw>
<status status="PASS" starttime="20220130 19:17:23.525" endtime="20220130 19:17:35.877"></status>
</kw>
<kw name="Then PropertyDetails Should be Shown" library="FrontOfficeApp">
<kw name="SelectedProperty Amenities should be shown" library="PropertyDetails">
<kw name="Switch Window" library="SeleniumLibrary">
<doc>Switches to browser window matching ``locator``.</doc>
<arguments>
<arg>NEW</arg>
<arg>timeout=5</arg>
</arguments>
<status status="PASS" starttime="20220130 19:17:35.884" endtime="20220130 19:17:35.942"></status>
</kw>
<kw name="Wait Until Page Contains Element" library="SeleniumLibrary">
<doc>Waits until the element ``locator`` appears on the current page.</doc>
<arguments>
<arg>${PropertyDetailsLdPg}</arg>
<arg>timeout=10</arg>
</arguments>
<status status="PASS" starttime="20220130 19:17:35.943" endtime="20220130 19:17:37.669"></status>
</kw>
<kw name="Get Text" library="SeleniumLibrary">
<doc>Returns the text value of the element identified by ``locator``.</doc>
<arguments>
<arg>${PropName}</arg>
</arguments>
<assign>
<var>${PropertyName}</var>
</assign>
<kw name="Capture Page Screenshot" library="SeleniumLibrary">
<doc>Takes a screenshot of the current page and embeds it into a log file.</doc>
<msg timestamp="20220130 19:17:40.602" level="INFO" html="yes">&lt;/td&gt;&lt;/tr&gt;&lt;tr&gt;&lt;td colspan="3"&gt;&lt;a href="selenium-screenshot-2.png"&gt;&lt;img src="selenium-screenshot-2.png" width="800px"&gt;&lt;/a&gt;</msg>
<status status="PASS" starttime="20220130 19:17:39.901" endtime="20220130 19:17:40.603"></status>
</kw>
<msg timestamp="20220130 19:17:40.736" level="FAIL">StaleElementReferenceException: Message: stale element reference: element is not attached to the page document
  (Session info: chrome=97.0.4692.99)
</msg>
<status status="FAIL" starttime="20220130 19:17:37.670" endtime="20220130 19:17:40.736"></status>
</kw>
<status status="FAIL" starttime="20220130 19:17:35.881" endtime="20220130 19:17:40.737"></status>
</kw>
<status status="FAIL" starttime="20220130 19:17:35.879" endtime="20220130 19:17:40.737"></status>
</kw>
<kw name="End Web Test" library="CommonWeb" type="teardown">
<kw name="Close Browser" library="SeleniumLibrary">
<doc>Closes the current browser.</doc>
<status status="PASS" starttime="20220130 19:17:40.743" endtime="20220130 19:17:43.701"></status>
</kw>
<status status="PASS" starttime="20220130 19:17:40.742" endtime="20220130 19:17:43.702"></status>
</kw>
<tags>
<tag>Regression</tag>
</tags>
<status status="FAIL" starttime="20220130 19:16:56.738" endtime="20220130 19:17:43.703" critical="yes">StaleElementReferenceException: Message: stale element reference: element is not attached to the page document
  (Session info: chrome=97.0.4692.99)
</status>
</test>
<doc>Test Suite For Condos.ca</doc>
<status status="FAIL" starttime="20220130 19:16:55.984" endtime="20220130 19:17:43.708"></status>
</suite>
<statistics>
<total>
<stat pass="0" fail="1">Critical Tests</stat>
<stat pass="0" fail="1">All Tests</stat>
</total>
<tag>
<stat pass="0" fail="1">Regression</stat>
</tag>
<suite>
<stat pass="0" fail="1" id="s1" name="UIAutomation">UIAutomation</stat>
</suite>
</statistics>
<errors>
</errors>
</robot>
