<?xml version="1.0" encoding="UTF-8"?>
<robot generator="Robot 5.0.1 (Python 3.10.5 on win32)" generated="20220707 11:22:42.804" rpa="false" schemaversion="3">
<suite id="s1" name="Condos" source="E:\Srinath\Canada\Selenium\Robot\DigitUIAutomation\tests\Condos.robot">
<test id="s1-t1" name="TC01_Search Condos in Toronto" line="10">
<kw name="Begin Web Test" library="CommonWeb" type="SETUP">
<kw name="Open Browser" library="SeleniumLibrary">
<arg>${BROWSER_URL}</arg>
<arg>${BROWSER}</arg>
<doc>Opens a new browser instance to the optional ``url``.</doc>
<msg timestamp="20220707 11:22:44.170" level="INFO">Opening browser 'gc' to base url 'http://www.condos.ca'.</msg>
<status status="PASS" starttime="20220707 11:22:44.170" endtime="20220707 11:22:47.864"/>
</kw>
<kw name="Maximize Browser Window" library="SeleniumLibrary">
<doc>Maximizes current browser window.</doc>
<status status="PASS" starttime="20220707 11:22:47.868" endtime="20220707 11:22:48.666"/>
</kw>
<status status="PASS" starttime="20220707 11:22:44.169" endtime="20220707 11:22:48.666"/>
</kw>
<kw name="When I Navigate to the &quot;Condos.ca&quot; Page" library="FrontOfficeApp">
<kw name="The &quot;Condos.ca&quot; page should load" library="Landing">
<kw name="Press Keys" library="SeleniumLibrary">
<arg>${Condos.caDisplay}</arg>
<arg>TAB</arg>
<doc>Simulates the user pressing key(s) to an element or on the active browser.</doc>
<msg timestamp="20220707 11:22:48.676" level="INFO">Sending key(s) ('TAB',) to xpath=//body element.</msg>
<msg timestamp="20220707 11:22:51.470" level="INFO">Pressing special key TAB to element.</msg>
<msg timestamp="20220707 11:22:51.470" level="INFO">Releasing special key TAB.</msg>
<status status="PASS" starttime="20220707 11:22:48.675" endtime="20220707 11:22:51.545"/>
</kw>
<kw name="Sleep" library="BuiltIn">
<arg>10s</arg>
<doc>Pauses the test executed for the given time.</doc>
<msg timestamp="20220707 11:23:01.549" level="INFO">Slept 10 seconds</msg>
<status status="PASS" starttime="20220707 11:22:51.546" endtime="20220707 11:23:01.549"/>
</kw>
<status status="PASS" starttime="20220707 11:22:48.673" endtime="20220707 11:23:01.549"/>
</kw>
<status status="PASS" starttime="20220707 11:22:48.672" endtime="20220707 11:23:01.549"/>
</kw>
<kw name="Then I Wait for the Search Box to be enabled and search for Properties" library="FrontOfficeApp">
<arg>Toronto</arg>
<kw name="The Search Box should be enabled on the Landing Page and User should be able to search the properties" library="Landing">
<arg>${City}</arg>
<kw name="Wait Until Element Is Enabled" library="SeleniumLibrary">
<arg>${SearchTextBox}</arg>
<arg>timeout=20</arg>
<doc>Waits until the element ``locator`` is enabled.</doc>
<status status="PASS" starttime="20220707 11:23:01.555" endtime="20220707 11:23:01.642"/>
</kw>
<kw name="Run Keyword And Return Status" library="BuiltIn">
<var>${SearchBoxStatus}</var>
<arg>Element Should be Enabled</arg>
<arg>${SearchTextBox}</arg>
<doc>Runs the given keyword with given arguments and returns the status as a Boolean value.</doc>
<kw name="Element Should Be Enabled" library="SeleniumLibrary">
<arg>${SearchTextBox}</arg>
<doc>Verifies that element identified by ``locator`` is enabled.</doc>
<status status="PASS" starttime="20220707 11:23:01.643" endtime="20220707 11:23:01.696"/>
</kw>
<msg timestamp="20220707 11:23:01.697" level="INFO">${SearchBoxStatus} = True</msg>
<status status="PASS" starttime="20220707 11:23:01.643" endtime="20220707 11:23:01.697"/>
</kw>
<if>
<branch type="IF" condition="${SearchBoxStatus} == True">
<kw name="Click Element" library="SeleniumLibrary">
<arg>${SearchTextBox}</arg>
<doc>Click the element identified by ``locator``.</doc>
<msg timestamp="20220707 11:23:01.697" level="INFO">Clicking element 'xpath=//div//input[@type='text']'.</msg>
<status status="PASS" starttime="20220707 11:23:01.697" endtime="20220707 11:23:01.863"/>
</kw>
<kw name="Input Text" library="SeleniumLibrary">
<arg>${SearchTextBox}</arg>
<arg>${City}</arg>
<doc>Types the given ``text`` into the text field identified by ``locator``.</doc>
<msg timestamp="20220707 11:23:01.864" level="INFO">Typing text 'Toronto' into text field 'xpath=//div//input[@type='text']'.</msg>
<status status="PASS" starttime="20220707 11:23:01.864" endtime="20220707 11:23:02.341"/>
</kw>
<kw name="Wait Until Page Contains Element" library="SeleniumLibrary">
<arg>${Selection_Option}</arg>
<arg>timeout=5</arg>
<doc>Waits until the element ``locator`` appears on the current page.</doc>
<status status="PASS" starttime="20220707 11:23:02.342" endtime="20220707 11:23:02.536"/>
</kw>
<kw name="Click Element" library="SeleniumLibrary">
<arg>${Selection_Option}</arg>
<doc>Click the element identified by ``locator``.</doc>
<msg timestamp="20220707 11:23:02.536" level="INFO">Clicking element 'xpath=//div[contains(@class,'container--first')]/ul/li/div/div/div'.</msg>
<status status="PASS" starttime="20220707 11:23:02.536" endtime="20220707 11:23:02.828"/>
</kw>
<status status="PASS" starttime="20220707 11:23:01.697" endtime="20220707 11:23:02.828"/>
</branch>
<branch type="ELSE">
<kw name="Fail" library="BuiltIn">
<arg>Search Box Is Not Enabled</arg>
<doc>Fails the test with the given message and optionally alters its tags.</doc>
<status status="NOT RUN" starttime="20220707 11:23:02.830" endtime="20220707 11:23:02.830"/>
</kw>
<kw name="Close Browser" library="SeleniumLibrary">
<doc>Closes the current browser.</doc>
<status status="NOT RUN" starttime="20220707 11:23:02.830" endtime="20220707 11:23:02.830"/>
</kw>
<status status="NOT RUN" starttime="20220707 11:23:02.828" endtime="20220707 11:23:02.830"/>
</branch>
<status status="PASS" starttime="20220707 11:23:01.697" endtime="20220707 11:23:02.830"/>
</if>
<status status="PASS" starttime="20220707 11:23:01.554" endtime="20220707 11:23:02.831"/>
</kw>
<status status="PASS" starttime="20220707 11:23:01.552" endtime="20220707 11:23:02.831"/>
</kw>
<kw name="And Properties Page Should Be Displayed" library="FrontOfficeApp">
<kw name="All the Properties Should be Shown" library="Properties">
<arg>${arg1}</arg>
<arg>${arg2}</arg>
<kw name="Get Location" library="SeleniumLibrary">
<var>${AppURL}</var>
<doc>Returns the current browser window URL.</doc>
<msg timestamp="20220707 11:23:02.851" level="INFO">${AppURL} = https://condos.ca/toronto/condos-for-sale</msg>
<status status="PASS" starttime="20220707 11:23:02.834" endtime="20220707 11:23:02.851"/>
</kw>
<kw name="Log To Console" library="BuiltIn">
<arg>The Page URL is: ${AppURL}</arg>
<doc>Logs the given message to the console.</doc>
<status status="PASS" starttime="20220707 11:23:02.851" endtime="20220707 11:23:02.853"/>
</kw>
<kw name="Pass the URL as argument" library="loops">
<status status="PASS" starttime="20220707 11:23:02.854" endtime="20220707 11:23:02.854"/>
</kw>
<kw name="Addition Function" library="loops">
<var>${Number}</var>
<msg timestamp="20220707 11:23:02.855" level="INFO">${Number} = 20</msg>
<status status="PASS" starttime="20220707 11:23:02.854" endtime="20220707 11:23:02.855"/>
</kw>
<kw name="Log To Console" library="BuiltIn">
<arg>Number is ${Number}</arg>
<doc>Logs the given message to the console.</doc>
<status status="PASS" starttime="20220707 11:23:02.856" endtime="20220707 11:23:02.857"/>
</kw>
<kw name="Wait Until Page Contains Element" library="SeleniumLibrary">
<arg>${Google_Maps}</arg>
<arg>timeout=5</arg>
<doc>Waits until the element ``locator`` appears on the current page.</doc>
<status status="PASS" starttime="20220707 11:23:02.858" endtime="20220707 11:23:03.584"/>
</kw>
<kw name="Click Element" library="SeleniumLibrary">
<arg>${Google_Maps}</arg>
<doc>Click the element identified by ``locator``.</doc>
<msg timestamp="20220707 11:23:03.585" level="INFO">Clicking element 'xpath=//button[text()='Close Map']'.</msg>
<status status="PASS" starttime="20220707 11:23:03.585" endtime="20220707 11:23:05.029"/>
</kw>
<kw name="Wait Until Page Contains Element" library="SeleniumLibrary">
<arg>${SelectedProperty}</arg>
<arg>timeout=15</arg>
<doc>Waits until the element ``locator`` appears on the current page.</doc>
<status status="PASS" starttime="20220707 11:23:05.029" endtime="20220707 11:23:06.750"/>
</kw>
<kw name="Get Element Count" library="SeleniumLibrary">
<var>${NoofHouses}</var>
<arg>${PropertyCount}</arg>
<doc>Returns the number of elements matching ``locator``.</doc>
<msg timestamp="20220707 11:23:07.015" level="INFO">${NoofHouses} = 48</msg>
<status status="PASS" starttime="20220707 11:23:06.750" endtime="20220707 11:23:07.015"/>
</kw>
<kw name="Set Variable" library="BuiltIn">
<var>${EndValue}</var>
<arg>${NoofHouses}</arg>
<doc>Returns the given values which can then be assigned to a variables.</doc>
<msg timestamp="20220707 11:23:07.015" level="INFO">${EndValue} = 48</msg>
<status status="PASS" starttime="20220707 11:23:07.015" endtime="20220707 11:23:07.015"/>
</kw>
<for flavor="IN RANGE">
<var>${i}</var>
<value>1</value>
<value>${EndValue}</value>
<iter>
<var name="${i}">1</var>
<kw name="Get Text" library="SeleniumLibrary">
<var>${AskPrice}</var>
<arg>xpath=//div[@id='listRow']/div[${i}]//div[contains(@class,'AskingPrice')]</arg>
<doc>Returns the text value of the element identified by ``locator``.</doc>
<msg timestamp="20220707 11:23:07.906" level="INFO">${AskPrice} = $988,000</msg>
<status status="PASS" starttime="20220707 11:23:07.015" endtime="20220707 11:23:07.906"/>
</kw>
<kw name="Append To List" library="Collections">
<arg>${houses}</arg>
<arg>${AskPrice}</arg>
<doc>Adds ``values`` to the end of ``list``.</doc>
<status status="PASS" starttime="20220707 11:23:07.906" endtime="20220707 11:23:07.906"/>
</kw>
<kw name="Set Variable" library="BuiltIn">
<var>${Price}</var>
<arg>${AskPrice}</arg>
<doc>Returns the given values which can then be assigned to a variables.</doc>
<msg timestamp="20220707 11:23:07.906" level="INFO">${Price} = $988,000</msg>
<status status="PASS" starttime="20220707 11:23:07.906" endtime="20220707 11:23:07.906"/>
</kw>
<kw name="Remove String" library="String">
<var>${NumericalPrice}</var>
<arg>${Price}</arg>
<arg>,</arg>
<arg>$</arg>
<doc>Removes all ``removables`` from the given ``string``.</doc>
<msg timestamp="20220707 11:23:07.913" level="INFO">${NumericalPrice} = 988000</msg>
<status status="PASS" starttime="20220707 11:23:07.911" endtime="20220707 11:23:07.913"/>
</kw>
<kw name="Append To List" library="Collections">
<arg>${property_prices}</arg>
<arg>${NumericalPrice}</arg>
<doc>Adds ``values`` to the end of ``list``.</doc>
<status status="PASS" starttime="20220707 11:23:07.913" endtime="20220707 11:23:07.913"/>
</kw>
<status status="PASS" starttime="20220707 11:23:07.015" endtime="20220707 11:23:07.913"/>
</iter>
<iter>
<var name="${i}">2</var>
<kw name="Get Text" library="SeleniumLibrary">
<var>${AskPrice}</var>
<arg>xpath=//div[@id='listRow']/div[${i}]//div[contains(@class,'AskingPrice')]</arg>
<doc>Returns the text value of the element identified by ``locator``.</doc>
<msg timestamp="20220707 11:23:08.026" level="INFO">${AskPrice} = $1,449,000</msg>
<status status="PASS" starttime="20220707 11:23:07.913" endtime="20220707 11:23:08.026"/>
</kw>
<kw name="Append To List" library="Collections">
<arg>${houses}</arg>
<arg>${AskPrice}</arg>
<doc>Adds ``values`` to the end of ``list``.</doc>
<status status="PASS" starttime="20220707 11:23:08.027" endtime="20220707 11:23:08.027"/>
</kw>
<kw name="Set Variable" library="BuiltIn">
<var>${Price}</var>
<arg>${AskPrice}</arg>
<doc>Returns the given values which can then be assigned to a variables.</doc>
<msg timestamp="20220707 11:23:08.028" level="INFO">${Price} = $1,449,000</msg>
<status status="PASS" starttime="20220707 11:23:08.027" endtime="20220707 11:23:08.028"/>
</kw>
<kw name="Remove String" library="String">
<var>${NumericalPrice}</var>
<arg>${Price}</arg>
<arg>,</arg>
<arg>$</arg>
<doc>Removes all ``removables`` from the given ``string``.</doc>
<msg timestamp="20220707 11:23:08.028" level="INFO">${NumericalPrice} = 1449000</msg>
<status status="PASS" starttime="20220707 11:23:08.028" endtime="20220707 11:23:08.028"/>
</kw>
<kw name="Append To List" library="Collections">
<arg>${property_prices}</arg>
<arg>${NumericalPrice}</arg>
<doc>Adds ``values`` to the end of ``list``.</doc>
<status status="PASS" starttime="20220707 11:23:08.028" endtime="20220707 11:23:08.028"/>
</kw>
<status status="PASS" starttime="20220707 11:23:07.913" endtime="20220707 11:23:08.028"/>
</iter>
<iter>
<var name="${i}">3</var>
<kw name="Get Text" library="SeleniumLibrary">
<var>${AskPrice}</var>
<arg>xpath=//div[@id='listRow']/div[${i}]//div[contains(@class,'AskingPrice')]</arg>
<doc>Returns the text value of the element identified by ``locator``.</doc>
<msg timestamp="20220707 11:23:08.081" level="INFO">${AskPrice} = $1,450,000</msg>
<status status="PASS" starttime="20220707 11:23:08.028" endtime="20220707 11:23:08.081"/>
</kw>
<kw name="Append To List" library="Collections">
<arg>${houses}</arg>
<arg>${AskPrice}</arg>
<doc>Adds ``values`` to the end of ``list``.</doc>
<status status="PASS" starttime="20220707 11:23:08.082" endtime="20220707 11:23:08.082"/>
</kw>
<kw name="Set Variable" library="BuiltIn">
<var>${Price}</var>
<arg>${AskPrice}</arg>
<doc>Returns the given values which can then be assigned to a variables.</doc>
<msg timestamp="20220707 11:23:08.082" level="INFO">${Price} = $1,450,000</msg>
<status status="PASS" starttime="20220707 11:23:08.082" endtime="20220707 11:23:08.082"/>
</kw>
<kw name="Remove String" library="String">
<var>${NumericalPrice}</var>
<arg>${Price}</arg>
<arg>,</arg>
<arg>$</arg>
<doc>Removes all ``removables`` from the given ``string``.</doc>
<msg timestamp="20220707 11:23:08.082" level="INFO">${NumericalPrice} = 1450000</msg>
<status status="PASS" starttime="20220707 11:23:08.082" endtime="20220707 11:23:08.082"/>
</kw>
<kw name="Append To List" library="Collections">
<arg>${property_prices}</arg>
<arg>${NumericalPrice}</arg>
<doc>Adds ``values`` to the end of ``list``.</doc>
<status status="PASS" starttime="20220707 11:23:08.082" endtime="20220707 11:23:08.082"/>
</kw>
<status status="PASS" starttime="20220707 11:23:08.028" endtime="20220707 11:23:08.082"/>
</iter>
<iter>
<var name="${i}">4</var>
<kw name="Get Text" library="SeleniumLibrary">
<var>${AskPrice}</var>
<arg>xpath=//div[@id='listRow']/div[${i}]//div[contains(@class,'AskingPrice')]</arg>
<doc>Returns the text value of the element identified by ``locator``.</doc>
<msg timestamp="20220707 11:23:08.137" level="INFO">${AskPrice} = $818,000</msg>
<status status="PASS" starttime="20220707 11:23:08.082" endtime="20220707 11:23:08.137"/>
</kw>
<kw name="Append To List" library="Collections">
<arg>${houses}</arg>
<arg>${AskPrice}</arg>
<doc>Adds ``values`` to the end of ``list``.</doc>
<status status="PASS" starttime="20220707 11:23:08.137" endtime="20220707 11:23:08.138"/>
</kw>
<kw name="Set Variable" library="BuiltIn">
<var>${Price}</var>
<arg>${AskPrice}</arg>
<doc>Returns the given values which can then be assigned to a variables.</doc>
<msg timestamp="20220707 11:23:08.138" level="INFO">${Price} = $818,000</msg>
<status status="PASS" starttime="20220707 11:23:08.138" endtime="20220707 11:23:08.138"/>
</kw>
<kw name="Remove String" library="String">
<var>${NumericalPrice}</var>
<arg>${Price}</arg>
<arg>,</arg>
<arg>$</arg>
<doc>Removes all ``removables`` from the given ``string``.</doc>
<msg timestamp="20220707 11:23:08.138" level="INFO">${NumericalPrice} = 818000</msg>
<status status="PASS" starttime="20220707 11:23:08.138" endtime="20220707 11:23:08.138"/>
</kw>
<kw name="Append To List" library="Collections">
<arg>${property_prices}</arg>
<arg>${NumericalPrice}</arg>
<doc>Adds ``values`` to the end of ``list``.</doc>
<status status="PASS" starttime="20220707 11:23:08.138" endtime="20220707 11:23:08.143"/>
</kw>
<status status="PASS" starttime="20220707 11:23:08.082" endtime="20220707 11:23:08.143"/>
</iter>
<iter>
<var name="${i}">5</var>
<kw name="Get Text" library="SeleniumLibrary">
<var>${AskPrice}</var>
<arg>xpath=//div[@id='listRow']/div[${i}]//div[contains(@class,'AskingPrice')]</arg>
<doc>Returns the text value of the element identified by ``locator``.</doc>
<msg timestamp="20220707 11:23:08.204" level="INFO">${AskPrice} = $525,000</msg>
<status status="PASS" starttime="20220707 11:23:08.143" endtime="20220707 11:23:08.204"/>
</kw>
<kw name="Append To List" library="Collections">
<arg>${houses}</arg>
<arg>${AskPrice}</arg>
<doc>Adds ``values`` to the end of ``list``.</doc>
<status status="PASS" starttime="20220707 11:23:08.205" endtime="20220707 11:23:08.205"/>
</kw>
<kw name="Set Variable" library="BuiltIn">
<var>${Price}</var>
<arg>${AskPrice}</arg>
<doc>Returns the given values which can then be assigned to a variables.</doc>
<msg timestamp="20220707 11:23:08.205" level="INFO">${Price} = $525,000</msg>
<status status="PASS" starttime="20220707 11:23:08.205" endtime="20220707 11:23:08.205"/>
</kw>
<kw name="Remove String" library="String">
<var>${NumericalPrice}</var>
<arg>${Price}</arg>
<arg>,</arg>
<arg>$</arg>
<doc>Removes all ``removables`` from the given ``string``.</doc>
<msg timestamp="20220707 11:23:08.205" level="INFO">${NumericalPrice} = 525000</msg>
<status status="PASS" starttime="20220707 11:23:08.205" endtime="20220707 11:23:08.205"/>
</kw>
<kw name="Append To List" library="Collections">
<arg>${property_prices}</arg>
<arg>${NumericalPrice}</arg>
<doc>Adds ``values`` to the end of ``list``.</doc>
<status status="PASS" starttime="20220707 11:23:08.205" endtime="20220707 11:23:08.205"/>
</kw>
<status status="PASS" starttime="20220707 11:23:08.143" endtime="20220707 11:23:08.205"/>
</iter>
<iter>
<var name="${i}">6</var>
<kw name="Get Text" library="SeleniumLibrary">
<var>${AskPrice}</var>
<arg>xpath=//div[@id='listRow']/div[${i}]//div[contains(@class,'AskingPrice')]</arg>
<doc>Returns the text value of the element identified by ``locator``.</doc>
<msg timestamp="20220707 11:23:08.264" level="INFO">${AskPrice} = $974,999</msg>
<status status="PASS" starttime="20220707 11:23:08.205" endtime="20220707 11:23:08.264"/>
</kw>
<kw name="Append To List" library="Collections">
<arg>${houses}</arg>
<arg>${AskPrice}</arg>
<doc>Adds ``values`` to the end of ``list``.</doc>
<status status="PASS" starttime="20220707 11:23:08.264" endtime="20220707 11:23:08.264"/>
</kw>
<kw name="Set Variable" library="BuiltIn">
<var>${Price}</var>
<arg>${AskPrice}</arg>
<doc>Returns the given values which can then be assigned to a variables.</doc>
<msg timestamp="20220707 11:23:08.264" level="INFO">${Price} = $974,999</msg>
<status status="PASS" starttime="20220707 11:23:08.264" endtime="20220707 11:23:08.264"/>
</kw>
<kw name="Remove String" library="String">
<var>${NumericalPrice}</var>
<arg>${Price}</arg>
<arg>,</arg>
<arg>$</arg>
<doc>Removes all ``removables`` from the given ``string``.</doc>
<msg timestamp="20220707 11:23:08.264" level="INFO">${NumericalPrice} = 974999</msg>
<status status="PASS" starttime="20220707 11:23:08.264" endtime="20220707 11:23:08.264"/>
</kw>
<kw name="Append To List" library="Collections">
<arg>${property_prices}</arg>
<arg>${NumericalPrice}</arg>
<doc>Adds ``values`` to the end of ``list``.</doc>
<status status="PASS" starttime="20220707 11:23:08.264" endtime="20220707 11:23:08.264"/>
</kw>
<status status="PASS" starttime="20220707 11:23:08.205" endtime="20220707 11:23:08.264"/>
</iter>
<iter>
<var name="${i}">7</var>
<kw name="Get Text" library="SeleniumLibrary">
<var>${AskPrice}</var>
<arg>xpath=//div[@id='listRow']/div[${i}]//div[contains(@class,'AskingPrice')]</arg>
<doc>Returns the text value of the element identified by ``locator``.</doc>
<msg timestamp="20220707 11:23:08.328" level="INFO">${AskPrice} = $689,900</msg>
<status status="PASS" starttime="20220707 11:23:08.264" endtime="20220707 11:23:08.328"/>
</kw>
<kw name="Append To List" library="Collections">
<arg>${houses}</arg>
<arg>${AskPrice}</arg>
<doc>Adds ``values`` to the end of ``list``.</doc>
<status status="PASS" starttime="20220707 11:23:08.329" endtime="20220707 11:23:08.329"/>
</kw>
<kw name="Set Variable" library="BuiltIn">
<var>${Price}</var>
<arg>${AskPrice}</arg>
<doc>Returns the given values which can then be assigned to a variables.</doc>
<msg timestamp="20220707 11:23:08.329" level="INFO">${Price} = $689,900</msg>
<status status="PASS" starttime="20220707 11:23:08.329" endtime="20220707 11:23:08.329"/>
</kw>
<kw name="Remove String" library="String">
<var>${NumericalPrice}</var>
<arg>${Price}</arg>
<arg>,</arg>
<arg>$</arg>
<doc>Removes all ``removables`` from the given ``string``.</doc>
<msg timestamp="20220707 11:23:08.329" level="INFO">${NumericalPrice} = 689900</msg>
<status status="PASS" starttime="20220707 11:23:08.329" endtime="20220707 11:23:08.329"/>
</kw>
<kw name="Append To List" library="Collections">
<arg>${property_prices}</arg>
<arg>${NumericalPrice}</arg>
<doc>Adds ``values`` to the end of ``list``.</doc>
<status status="PASS" starttime="20220707 11:23:08.329" endtime="20220707 11:23:08.329"/>
</kw>
<status status="PASS" starttime="20220707 11:23:08.264" endtime="20220707 11:23:08.329"/>
</iter>
<iter>
<var name="${i}">8</var>
<kw name="Get Text" library="SeleniumLibrary">
<var>${AskPrice}</var>
<arg>xpath=//div[@id='listRow']/div[${i}]//div[contains(@class,'AskingPrice')]</arg>
<doc>Returns the text value of the element identified by ``locator``.</doc>
<msg timestamp="20220707 11:23:08.385" level="INFO">${AskPrice} = $799,000</msg>
<status status="PASS" starttime="20220707 11:23:08.329" endtime="20220707 11:23:08.385"/>
</kw>
<kw name="Append To List" library="Collections">
<arg>${houses}</arg>
<arg>${AskPrice}</arg>
<doc>Adds ``values`` to the end of ``list``.</doc>
<status status="PASS" starttime="20220707 11:23:08.386" endtime="20220707 11:23:08.386"/>
</kw>
<kw name="Set Variable" library="BuiltIn">
<var>${Price}</var>
<arg>${AskPrice}</arg>
<doc>Returns the given values which can then be assigned to a variables.</doc>
<msg timestamp="20220707 11:23:08.386" level="INFO">${Price} = $799,000</msg>
<status status="PASS" starttime="20220707 11:23:08.386" endtime="20220707 11:23:08.386"/>
</kw>
<kw name="Remove String" library="String">
<var>${NumericalPrice}</var>
<arg>${Price}</arg>
<arg>,</arg>
<arg>$</arg>
<doc>Removes all ``removables`` from the given ``string``.</doc>
<msg timestamp="20220707 11:23:08.386" level="INFO">${NumericalPrice} = 799000</msg>
<status status="PASS" starttime="20220707 11:23:08.386" endtime="20220707 11:23:08.386"/>
</kw>
<kw name="Append To List" library="Collections">
<arg>${property_prices}</arg>
<arg>${NumericalPrice}</arg>
<doc>Adds ``values`` to the end of ``list``.</doc>
<status status="PASS" starttime="20220707 11:23:08.386" endtime="20220707 11:23:08.386"/>
</kw>
<status status="PASS" starttime="20220707 11:23:08.329" endtime="20220707 11:23:08.386"/>
</iter>
<iter>
<var name="${i}">9</var>
<kw name="Get Text" library="SeleniumLibrary">
<var>${AskPrice}</var>
<arg>xpath=//div[@id='listRow']/div[${i}]//div[contains(@class,'AskingPrice')]</arg>
<doc>Returns the text value of the element identified by ``locator``.</doc>
<msg timestamp="20220707 11:23:08.465" level="INFO">${AskPrice} = $728,000</msg>
<status status="PASS" starttime="20220707 11:23:08.386" endtime="20220707 11:23:08.465"/>
</kw>
<kw name="Append To List" library="Collections">
<arg>${houses}</arg>
<arg>${AskPrice}</arg>
<doc>Adds ``values`` to the end of ``list``.</doc>
<status status="PASS" starttime="20220707 11:23:08.465" endtime="20220707 11:23:08.465"/>
</kw>
<kw name="Set Variable" library="BuiltIn">
<var>${Price}</var>
<arg>${AskPrice}</arg>
<doc>Returns the given values which can then be assigned to a variables.</doc>
<msg timestamp="20220707 11:23:08.465" level="INFO">${Price} = $728,000</msg>
<status status="PASS" starttime="20220707 11:23:08.465" endtime="20220707 11:23:08.465"/>
</kw>
<kw name="Remove String" library="String">
<var>${NumericalPrice}</var>
<arg>${Price}</arg>
<arg>,</arg>
<arg>$</arg>
<doc>Removes all ``removables`` from the given ``string``.</doc>
<msg timestamp="20220707 11:23:08.465" level="INFO">${NumericalPrice} = 728000</msg>
<status status="PASS" starttime="20220707 11:23:08.465" endtime="20220707 11:23:08.465"/>
</kw>
<kw name="Append To List" library="Collections">
<arg>${property_prices}</arg>
<arg>${NumericalPrice}</arg>
<doc>Adds ``values`` to the end of ``list``.</doc>
<status status="PASS" starttime="20220707 11:23:08.465" endtime="20220707 11:23:08.465"/>
</kw>
<status status="PASS" starttime="20220707 11:23:08.386" endtime="20220707 11:23:08.465"/>
</iter>
<iter>
<var name="${i}">10</var>
<kw name="Get Text" library="SeleniumLibrary">
<var>${AskPrice}</var>
<arg>xpath=//div[@id='listRow']/div[${i}]//div[contains(@class,'AskingPrice')]</arg>
<doc>Returns the text value of the element identified by ``locator``.</doc>
<msg timestamp="20220707 11:23:08.530" level="INFO">${AskPrice} = $829,800</msg>
<status status="PASS" starttime="20220707 11:23:08.465" endtime="20220707 11:23:08.530"/>
</kw>
<kw name="Append To List" library="Collections">
<arg>${houses}</arg>
<arg>${AskPrice}</arg>
<doc>Adds ``values`` to the end of ``list``.</doc>
<status status="PASS" starttime="20220707 11:23:08.530" endtime="20220707 11:23:08.530"/>
</kw>
<kw name="Set Variable" library="BuiltIn">
<var>${Price}</var>
<arg>${AskPrice}</arg>
<doc>Returns the given values which can then be assigned to a variables.</doc>
<msg timestamp="20220707 11:23:08.530" level="INFO">${Price} = $829,800</msg>
<status status="PASS" starttime="20220707 11:23:08.530" endtime="20220707 11:23:08.530"/>
</kw>
<kw name="Remove String" library="String">
<var>${NumericalPrice}</var>
<arg>${Price}</arg>
<arg>,</arg>
<arg>$</arg>
<doc>Removes all ``removables`` from the given ``string``.</doc>
<msg timestamp="20220707 11:23:08.530" level="INFO">${NumericalPrice} = 829800</msg>
<status status="PASS" starttime="20220707 11:23:08.530" endtime="20220707 11:23:08.530"/>
</kw>
<kw name="Append To List" library="Collections">
<arg>${property_prices}</arg>
<arg>${NumericalPrice}</arg>
<doc>Adds ``values`` to the end of ``list``.</doc>
<status status="PASS" starttime="20220707 11:23:08.530" endtime="20220707 11:23:08.530"/>
</kw>
<status status="PASS" starttime="20220707 11:23:08.465" endtime="20220707 11:23:08.530"/>
</iter>
<iter>
<var name="${i}">11</var>
<kw name="Get Text" library="SeleniumLibrary">
<var>${AskPrice}</var>
<arg>xpath=//div[@id='listRow']/div[${i}]//div[contains(@class,'AskingPrice')]</arg>
<doc>Returns the text value of the element identified by ``locator``.</doc>
<msg timestamp="20220707 11:23:08.587" level="INFO">${AskPrice} = $1,499,990</msg>
<status status="PASS" starttime="20220707 11:23:08.530" endtime="20220707 11:23:08.587"/>
</kw>
<kw name="Append To List" library="Collections">
<arg>${houses}</arg>
<arg>${AskPrice}</arg>
<doc>Adds ``values`` to the end of ``list``.</doc>
<status status="PASS" starttime="20220707 11:23:08.587" endtime="20220707 11:23:08.587"/>
</kw>
<kw name="Set Variable" library="BuiltIn">
<var>${Price}</var>
<arg>${AskPrice}</arg>
<doc>Returns the given values which can then be assigned to a variables.</doc>
<msg timestamp="20220707 11:23:08.587" level="INFO">${Price} = $1,499,990</msg>
<status status="PASS" starttime="20220707 11:23:08.587" endtime="20220707 11:23:08.587"/>
</kw>
<kw name="Remove String" library="String">
<var>${NumericalPrice}</var>
<arg>${Price}</arg>
<arg>,</arg>
<arg>$</arg>
<doc>Removes all ``removables`` from the given ``string``.</doc>
<msg timestamp="20220707 11:23:08.587" level="INFO">${NumericalPrice} = 1499990</msg>
<status status="PASS" starttime="20220707 11:23:08.587" endtime="20220707 11:23:08.587"/>
</kw>
<kw name="Append To List" library="Collections">
<arg>${property_prices}</arg>
<arg>${NumericalPrice}</arg>
<doc>Adds ``values`` to the end of ``list``.</doc>
<status status="PASS" starttime="20220707 11:23:08.587" endtime="20220707 11:23:08.587"/>
</kw>
<status status="PASS" starttime="20220707 11:23:08.530" endtime="20220707 11:23:08.587"/>
</iter>
<iter>
<var name="${i}">12</var>
<kw name="Get Text" library="SeleniumLibrary">
<var>${AskPrice}</var>
<arg>xpath=//div[@id='listRow']/div[${i}]//div[contains(@class,'AskingPrice')]</arg>
<doc>Returns the text value of the element identified by ``locator``.</doc>
<msg timestamp="20220707 11:23:08.641" level="INFO">${AskPrice} = $1,379,990</msg>
<status status="PASS" starttime="20220707 11:23:08.587" endtime="20220707 11:23:08.641"/>
</kw>
<kw name="Append To List" library="Collections">
<arg>${houses}</arg>
<arg>${AskPrice}</arg>
<doc>Adds ``values`` to the end of ``list``.</doc>
<status status="PASS" starttime="20220707 11:23:08.641" endtime="20220707 11:23:08.641"/>
</kw>
<kw name="Set Variable" library="BuiltIn">
<var>${Price}</var>
<arg>${AskPrice}</arg>
<doc>Returns the given values which can then be assigned to a variables.</doc>
<msg timestamp="20220707 11:23:08.641" level="INFO">${Price} = $1,379,990</msg>
<status status="PASS" starttime="20220707 11:23:08.641" endtime="20220707 11:23:08.641"/>
</kw>
<kw name="Remove String" library="String">
<var>${NumericalPrice}</var>
<arg>${Price}</arg>
<arg>,</arg>
<arg>$</arg>
<doc>Removes all ``removables`` from the given ``string``.</doc>
<msg timestamp="20220707 11:23:08.641" level="INFO">${NumericalPrice} = 1379990</msg>
<status status="PASS" starttime="20220707 11:23:08.641" endtime="20220707 11:23:08.641"/>
</kw>
<kw name="Append To List" library="Collections">
<arg>${property_prices}</arg>
<arg>${NumericalPrice}</arg>
<doc>Adds ``values`` to the end of ``list``.</doc>
<status status="PASS" starttime="20220707 11:23:08.641" endtime="20220707 11:23:08.641"/>
</kw>
<status status="PASS" starttime="20220707 11:23:08.587" endtime="20220707 11:23:08.641"/>
</iter>
<iter>
<var name="${i}">13</var>
<kw name="Get Text" library="SeleniumLibrary">
<var>${AskPrice}</var>
<arg>xpath=//div[@id='listRow']/div[${i}]//div[contains(@class,'AskingPrice')]</arg>
<doc>Returns the text value of the element identified by ``locator``.</doc>
<msg timestamp="20220707 11:23:08.691" level="INFO">${AskPrice} = $839,800</msg>
<status status="PASS" starttime="20220707 11:23:08.641" endtime="20220707 11:23:08.691"/>
</kw>
<kw name="Append To List" library="Collections">
<arg>${houses}</arg>
<arg>${AskPrice}</arg>
<doc>Adds ``values`` to the end of ``list``.</doc>
<status status="PASS" starttime="20220707 11:23:08.691" endtime="20220707 11:23:08.692"/>
</kw>
<kw name="Set Variable" library="BuiltIn">
<var>${Price}</var>
<arg>${AskPrice}</arg>
<doc>Returns the given values which can then be assigned to a variables.</doc>
<msg timestamp="20220707 11:23:08.692" level="INFO">${Price} = $839,800</msg>
<status status="PASS" starttime="20220707 11:23:08.692" endtime="20220707 11:23:08.692"/>
</kw>
<kw name="Remove String" library="String">
<var>${NumericalPrice}</var>
<arg>${Price}</arg>
<arg>,</arg>
<arg>$</arg>
<doc>Removes all ``removables`` from the given ``string``.</doc>
<msg timestamp="20220707 11:23:08.692" level="INFO">${NumericalPrice} = 839800</msg>
<status status="PASS" starttime="20220707 11:23:08.692" endtime="20220707 11:23:08.692"/>
</kw>
<kw name="Append To List" library="Collections">
<arg>${property_prices}</arg>
<arg>${NumericalPrice}</arg>
<doc>Adds ``values`` to the end of ``list``.</doc>
<status status="PASS" starttime="20220707 11:23:08.692" endtime="20220707 11:23:08.692"/>
</kw>
<status status="PASS" starttime="20220707 11:23:08.641" endtime="20220707 11:23:08.692"/>
</iter>
<iter>
<var name="${i}">14</var>
<kw name="Get Text" library="SeleniumLibrary">
<var>${AskPrice}</var>
<arg>xpath=//div[@id='listRow']/div[${i}]//div[contains(@class,'AskingPrice')]</arg>
<doc>Returns the text value of the element identified by ``locator``.</doc>
<msg timestamp="20220707 11:23:08.737" level="INFO">${AskPrice} = $499,000</msg>
<status status="PASS" starttime="20220707 11:23:08.692" endtime="20220707 11:23:08.737"/>
</kw>
<kw name="Append To List" library="Collections">
<arg>${houses}</arg>
<arg>${AskPrice}</arg>
<doc>Adds ``values`` to the end of ``list``.</doc>
<status status="PASS" starttime="20220707 11:23:08.737" endtime="20220707 11:23:08.737"/>
</kw>
<kw name="Set Variable" library="BuiltIn">
<var>${Price}</var>
<arg>${AskPrice}</arg>
<doc>Returns the given values which can then be assigned to a variables.</doc>
<msg timestamp="20220707 11:23:08.737" level="INFO">${Price} = $499,000</msg>
<status status="PASS" starttime="20220707 11:23:08.737" endtime="20220707 11:23:08.737"/>
</kw>
<kw name="Remove String" library="String">
<var>${NumericalPrice}</var>
<arg>${Price}</arg>
<arg>,</arg>
<arg>$</arg>
<doc>Removes all ``removables`` from the given ``string``.</doc>
<msg timestamp="20220707 11:23:08.737" level="INFO">${NumericalPrice} = 499000</msg>
<status status="PASS" starttime="20220707 11:23:08.737" endtime="20220707 11:23:08.737"/>
</kw>
<kw name="Append To List" library="Collections">
<arg>${property_prices}</arg>
<arg>${NumericalPrice}</arg>
<doc>Adds ``values`` to the end of ``list``.</doc>
<status status="PASS" starttime="20220707 11:23:08.737" endtime="20220707 11:23:08.737"/>
</kw>
<status status="PASS" starttime="20220707 11:23:08.692" endtime="20220707 11:23:08.737"/>
</iter>
<iter>
<var name="${i}">15</var>
<kw name="Get Text" library="SeleniumLibrary">
<var>${AskPrice}</var>
<arg>xpath=//div[@id='listRow']/div[${i}]//div[contains(@class,'AskingPrice')]</arg>
<doc>Returns the text value of the element identified by ``locator``.</doc>
<msg timestamp="20220707 11:23:08.791" level="INFO">${AskPrice} = $499,000</msg>
<status status="PASS" starttime="20220707 11:23:08.737" endtime="20220707 11:23:08.791"/>
</kw>
<kw name="Append To List" library="Collections">
<arg>${houses}</arg>
<arg>${AskPrice}</arg>
<doc>Adds ``values`` to the end of ``list``.</doc>
<status status="PASS" starttime="20220707 11:23:08.791" endtime="20220707 11:23:08.792"/>
</kw>
<kw name="Set Variable" library="BuiltIn">
<var>${Price}</var>
<arg>${AskPrice}</arg>
<doc>Returns the given values which can then be assigned to a variables.</doc>
<msg timestamp="20220707 11:23:08.792" level="INFO">${Price} = $499,000</msg>
<status status="PASS" starttime="20220707 11:23:08.792" endtime="20220707 11:23:08.792"/>
</kw>
<kw name="Remove String" library="String">
<var>${NumericalPrice}</var>
<arg>${Price}</arg>
<arg>,</arg>
<arg>$</arg>
<doc>Removes all ``removables`` from the given ``string``.</doc>
<msg timestamp="20220707 11:23:08.792" level="INFO">${NumericalPrice} = 499000</msg>
<status status="PASS" starttime="20220707 11:23:08.792" endtime="20220707 11:23:08.792"/>
</kw>
<kw name="Append To List" library="Collections">
<arg>${property_prices}</arg>
<arg>${NumericalPrice}</arg>
<doc>Adds ``values`` to the end of ``list``.</doc>
<status status="PASS" starttime="20220707 11:23:08.792" endtime="20220707 11:23:08.792"/>
</kw>
<status status="PASS" starttime="20220707 11:23:08.737" endtime="20220707 11:23:08.792"/>
</iter>
<iter>
<var name="${i}">16</var>
<kw name="Get Text" library="SeleniumLibrary">
<var>${AskPrice}</var>
<arg>xpath=//div[@id='listRow']/div[${i}]//div[contains(@class,'AskingPrice')]</arg>
<doc>Returns the text value of the element identified by ``locator``.</doc>
<msg timestamp="20220707 11:23:08.841" level="INFO">${AskPrice} = $588,000</msg>
<status status="PASS" starttime="20220707 11:23:08.792" endtime="20220707 11:23:08.841"/>
</kw>
<kw name="Append To List" library="Collections">
<arg>${houses}</arg>
<arg>${AskPrice}</arg>
<doc>Adds ``values`` to the end of ``list``.</doc>
<status status="PASS" starttime="20220707 11:23:08.842" endtime="20220707 11:23:08.842"/>
</kw>
<kw name="Set Variable" library="BuiltIn">
<var>${Price}</var>
<arg>${AskPrice}</arg>
<doc>Returns the given values which can then be assigned to a variables.</doc>
<msg timestamp="20220707 11:23:08.842" level="INFO">${Price} = $588,000</msg>
<status status="PASS" starttime="20220707 11:23:08.842" endtime="20220707 11:23:08.842"/>
</kw>
<kw name="Remove String" library="String">
<var>${NumericalPrice}</var>
<arg>${Price}</arg>
<arg>,</arg>
<arg>$</arg>
<doc>Removes all ``removables`` from the given ``string``.</doc>
<msg timestamp="20220707 11:23:08.842" level="INFO">${NumericalPrice} = 588000</msg>
<status status="PASS" starttime="20220707 11:23:08.842" endtime="20220707 11:23:08.842"/>
</kw>
<kw name="Append To List" library="Collections">
<arg>${property_prices}</arg>
<arg>${NumericalPrice}</arg>
<doc>Adds ``values`` to the end of ``list``.</doc>
<status status="PASS" starttime="20220707 11:23:08.842" endtime="20220707 11:23:08.842"/>
</kw>
<status status="PASS" starttime="20220707 11:23:08.792" endtime="20220707 11:23:08.842"/>
</iter>
<iter>
<var name="${i}">17</var>
<kw name="Get Text" library="SeleniumLibrary">
<var>${AskPrice}</var>
<arg>xpath=//div[@id='listRow']/div[${i}]//div[contains(@class,'AskingPrice')]</arg>
<doc>Returns the text value of the element identified by ``locator``.</doc>
<msg timestamp="20220707 11:23:08.888" level="INFO">${AskPrice} = $599,000</msg>
<status status="PASS" starttime="20220707 11:23:08.842" endtime="20220707 11:23:08.888"/>
</kw>
<kw name="Append To List" library="Collections">
<arg>${houses}</arg>
<arg>${AskPrice}</arg>
<doc>Adds ``values`` to the end of ``list``.</doc>
<status status="PASS" starttime="20220707 11:23:08.888" endtime="20220707 11:23:08.888"/>
</kw>
<kw name="Set Variable" library="BuiltIn">
<var>${Price}</var>
<arg>${AskPrice}</arg>
<doc>Returns the given values which can then be assigned to a variables.</doc>
<msg timestamp="20220707 11:23:08.888" level="INFO">${Price} = $599,000</msg>
<status status="PASS" starttime="20220707 11:23:08.888" endtime="20220707 11:23:08.888"/>
</kw>
<kw name="Remove String" library="String">
<var>${NumericalPrice}</var>
<arg>${Price}</arg>
<arg>,</arg>
<arg>$</arg>
<doc>Removes all ``removables`` from the given ``string``.</doc>
<msg timestamp="20220707 11:23:08.888" level="INFO">${NumericalPrice} = 599000</msg>
<status status="PASS" starttime="20220707 11:23:08.888" endtime="20220707 11:23:08.888"/>
</kw>
<kw name="Append To List" library="Collections">
<arg>${property_prices}</arg>
<arg>${NumericalPrice}</arg>
<doc>Adds ``values`` to the end of ``list``.</doc>
<status status="PASS" starttime="20220707 11:23:08.888" endtime="20220707 11:23:08.888"/>
</kw>
<status status="PASS" starttime="20220707 11:23:08.842" endtime="20220707 11:23:08.888"/>
</iter>
<iter>
<var name="${i}">18</var>
<kw name="Get Text" library="SeleniumLibrary">
<var>${AskPrice}</var>
<arg>xpath=//div[@id='listRow']/div[${i}]//div[contains(@class,'AskingPrice')]</arg>
<doc>Returns the text value of the element identified by ``locator``.</doc>
<msg timestamp="20220707 11:23:08.941" level="INFO">${AskPrice} = $609,995</msg>
<status status="PASS" starttime="20220707 11:23:08.888" endtime="20220707 11:23:08.941"/>
</kw>
<kw name="Append To List" library="Collections">
<arg>${houses}</arg>
<arg>${AskPrice}</arg>
<doc>Adds ``values`` to the end of ``list``.</doc>
<status status="PASS" starttime="20220707 11:23:08.942" endtime="20220707 11:23:08.942"/>
</kw>
<kw name="Set Variable" library="BuiltIn">
<var>${Price}</var>
<arg>${AskPrice}</arg>
<doc>Returns the given values which can then be assigned to a variables.</doc>
<msg timestamp="20220707 11:23:08.942" level="INFO">${Price} = $609,995</msg>
<status status="PASS" starttime="20220707 11:23:08.942" endtime="20220707 11:23:08.942"/>
</kw>
<kw name="Remove String" library="String">
<var>${NumericalPrice}</var>
<arg>${Price}</arg>
<arg>,</arg>
<arg>$</arg>
<doc>Removes all ``removables`` from the given ``string``.</doc>
<msg timestamp="20220707 11:23:08.942" level="INFO">${NumericalPrice} = 609995</msg>
<status status="PASS" starttime="20220707 11:23:08.942" endtime="20220707 11:23:08.942"/>
</kw>
<kw name="Append To List" library="Collections">
<arg>${property_prices}</arg>
<arg>${NumericalPrice}</arg>
<doc>Adds ``values`` to the end of ``list``.</doc>
<status status="PASS" starttime="20220707 11:23:08.942" endtime="20220707 11:23:08.942"/>
</kw>
<status status="PASS" starttime="20220707 11:23:08.888" endtime="20220707 11:23:08.942"/>
</iter>
<iter>
<var name="${i}">19</var>
<kw name="Get Text" library="SeleniumLibrary">
<var>${AskPrice}</var>
<arg>xpath=//div[@id='listRow']/div[${i}]//div[contains(@class,'AskingPrice')]</arg>
<doc>Returns the text value of the element identified by ``locator``.</doc>
<msg timestamp="20220707 11:23:08.992" level="INFO">${AskPrice} = $749,900</msg>
<status status="PASS" starttime="20220707 11:23:08.942" endtime="20220707 11:23:08.992"/>
</kw>
<kw name="Append To List" library="Collections">
<arg>${houses}</arg>
<arg>${AskPrice}</arg>
<doc>Adds ``values`` to the end of ``list``.</doc>
<status status="PASS" starttime="20220707 11:23:08.992" endtime="20220707 11:23:08.992"/>
</kw>
<kw name="Set Variable" library="BuiltIn">
<var>${Price}</var>
<arg>${AskPrice}</arg>
<doc>Returns the given values which can then be assigned to a variables.</doc>
<msg timestamp="20220707 11:23:08.993" level="INFO">${Price} = $749,900</msg>
<status status="PASS" starttime="20220707 11:23:08.993" endtime="20220707 11:23:08.993"/>
</kw>
<kw name="Remove String" library="String">
<var>${NumericalPrice}</var>
<arg>${Price}</arg>
<arg>,</arg>
<arg>$</arg>
<doc>Removes all ``removables`` from the given ``string``.</doc>
<msg timestamp="20220707 11:23:08.993" level="INFO">${NumericalPrice} = 749900</msg>
<status status="PASS" starttime="20220707 11:23:08.993" endtime="20220707 11:23:08.993"/>
</kw>
<kw name="Append To List" library="Collections">
<arg>${property_prices}</arg>
<arg>${NumericalPrice}</arg>
<doc>Adds ``values`` to the end of ``list``.</doc>
<status status="PASS" starttime="20220707 11:23:08.993" endtime="20220707 11:23:08.993"/>
</kw>
<status status="PASS" starttime="20220707 11:23:08.942" endtime="20220707 11:23:08.993"/>
</iter>
<iter>
<var name="${i}">20</var>
<kw name="Get Text" library="SeleniumLibrary">
<var>${AskPrice}</var>
<arg>xpath=//div[@id='listRow']/div[${i}]//div[contains(@class,'AskingPrice')]</arg>
<doc>Returns the text value of the element identified by ``locator``.</doc>
<msg timestamp="20220707 11:23:09.043" level="INFO">${AskPrice} = $799,000</msg>
<status status="PASS" starttime="20220707 11:23:08.993" endtime="20220707 11:23:09.044"/>
</kw>
<kw name="Append To List" library="Collections">
<arg>${houses}</arg>
<arg>${AskPrice}</arg>
<doc>Adds ``values`` to the end of ``list``.</doc>
<status status="PASS" starttime="20220707 11:23:09.044" endtime="20220707 11:23:09.044"/>
</kw>
<kw name="Set Variable" library="BuiltIn">
<var>${Price}</var>
<arg>${AskPrice}</arg>
<doc>Returns the given values which can then be assigned to a variables.</doc>
<msg timestamp="20220707 11:23:09.045" level="INFO">${Price} = $799,000</msg>
<status status="PASS" starttime="20220707 11:23:09.044" endtime="20220707 11:23:09.045"/>
</kw>
<kw name="Remove String" library="String">
<var>${NumericalPrice}</var>
<arg>${Price}</arg>
<arg>,</arg>
<arg>$</arg>
<doc>Removes all ``removables`` from the given ``string``.</doc>
<msg timestamp="20220707 11:23:09.045" level="INFO">${NumericalPrice} = 799000</msg>
<status status="PASS" starttime="20220707 11:23:09.045" endtime="20220707 11:23:09.045"/>
</kw>
<kw name="Append To List" library="Collections">
<arg>${property_prices}</arg>
<arg>${NumericalPrice}</arg>
<doc>Adds ``values`` to the end of ``list``.</doc>
<status status="PASS" starttime="20220707 11:23:09.045" endtime="20220707 11:23:09.045"/>
</kw>
<status status="PASS" starttime="20220707 11:23:08.993" endtime="20220707 11:23:09.045"/>
</iter>
<iter>
<var name="${i}">21</var>
<kw name="Get Text" library="SeleniumLibrary">
<var>${AskPrice}</var>
<arg>xpath=//div[@id='listRow']/div[${i}]//div[contains(@class,'AskingPrice')]</arg>
<doc>Returns the text value of the element identified by ``locator``.</doc>
<msg timestamp="20220707 11:23:09.097" level="INFO">${AskPrice} = $599,000</msg>
<status status="PASS" starttime="20220707 11:23:09.045" endtime="20220707 11:23:09.097"/>
</kw>
<kw name="Append To List" library="Collections">
<arg>${houses}</arg>
<arg>${AskPrice}</arg>
<doc>Adds ``values`` to the end of ``list``.</doc>
<status status="PASS" starttime="20220707 11:23:09.097" endtime="20220707 11:23:09.097"/>
</kw>
<kw name="Set Variable" library="BuiltIn">
<var>${Price}</var>
<arg>${AskPrice}</arg>
<doc>Returns the given values which can then be assigned to a variables.</doc>
<msg timestamp="20220707 11:23:09.097" level="INFO">${Price} = $599,000</msg>
<status status="PASS" starttime="20220707 11:23:09.097" endtime="20220707 11:23:09.097"/>
</kw>
<kw name="Remove String" library="String">
<var>${NumericalPrice}</var>
<arg>${Price}</arg>
<arg>,</arg>
<arg>$</arg>
<doc>Removes all ``removables`` from the given ``string``.</doc>
<msg timestamp="20220707 11:23:09.097" level="INFO">${NumericalPrice} = 599000</msg>
<status status="PASS" starttime="20220707 11:23:09.097" endtime="20220707 11:23:09.097"/>
</kw>
<kw name="Append To List" library="Collections">
<arg>${property_prices}</arg>
<arg>${NumericalPrice}</arg>
<doc>Adds ``values`` to the end of ``list``.</doc>
<status status="PASS" starttime="20220707 11:23:09.097" endtime="20220707 11:23:09.097"/>
</kw>
<status status="PASS" starttime="20220707 11:23:09.045" endtime="20220707 11:23:09.097"/>
</iter>
<iter>
<var name="${i}">22</var>
<kw name="Get Text" library="SeleniumLibrary">
<var>${AskPrice}</var>
<arg>xpath=//div[@id='listRow']/div[${i}]//div[contains(@class,'AskingPrice')]</arg>
<doc>Returns the text value of the element identified by ``locator``.</doc>
<msg timestamp="20220707 11:23:09.148" level="INFO">${AskPrice} = $559,000</msg>
<status status="PASS" starttime="20220707 11:23:09.097" endtime="20220707 11:23:09.148"/>
</kw>
<kw name="Append To List" library="Collections">
<arg>${houses}</arg>
<arg>${AskPrice}</arg>
<doc>Adds ``values`` to the end of ``list``.</doc>
<status status="PASS" starttime="20220707 11:23:09.148" endtime="20220707 11:23:09.148"/>
</kw>
<kw name="Set Variable" library="BuiltIn">
<var>${Price}</var>
<arg>${AskPrice}</arg>
<doc>Returns the given values which can then be assigned to a variables.</doc>
<msg timestamp="20220707 11:23:09.148" level="INFO">${Price} = $559,000</msg>
<status status="PASS" starttime="20220707 11:23:09.148" endtime="20220707 11:23:09.148"/>
</kw>
<kw name="Remove String" library="String">
<var>${NumericalPrice}</var>
<arg>${Price}</arg>
<arg>,</arg>
<arg>$</arg>
<doc>Removes all ``removables`` from the given ``string``.</doc>
<msg timestamp="20220707 11:23:09.148" level="INFO">${NumericalPrice} = 559000</msg>
<status status="PASS" starttime="20220707 11:23:09.148" endtime="20220707 11:23:09.148"/>
</kw>
<kw name="Append To List" library="Collections">
<arg>${property_prices}</arg>
<arg>${NumericalPrice}</arg>
<doc>Adds ``values`` to the end of ``list``.</doc>
<status status="PASS" starttime="20220707 11:23:09.148" endtime="20220707 11:23:09.148"/>
</kw>
<status status="PASS" starttime="20220707 11:23:09.097" endtime="20220707 11:23:09.148"/>
</iter>
<iter>
<var name="${i}">23</var>
<kw name="Get Text" library="SeleniumLibrary">
<var>${AskPrice}</var>
<arg>xpath=//div[@id='listRow']/div[${i}]//div[contains(@class,'AskingPrice')]</arg>
<doc>Returns the text value of the element identified by ``locator``.</doc>
<msg timestamp="20220707 11:23:09.197" level="INFO">${AskPrice} = $999,999</msg>
<status status="PASS" starttime="20220707 11:23:09.148" endtime="20220707 11:23:09.197"/>
</kw>
<kw name="Append To List" library="Collections">
<arg>${houses}</arg>
<arg>${AskPrice}</arg>
<doc>Adds ``values`` to the end of ``list``.</doc>
<status status="PASS" starttime="20220707 11:23:09.199" endtime="20220707 11:23:09.199"/>
</kw>
<kw name="Set Variable" library="BuiltIn">
<var>${Price}</var>
<arg>${AskPrice}</arg>
<doc>Returns the given values which can then be assigned to a variables.</doc>
<msg timestamp="20220707 11:23:09.199" level="INFO">${Price} = $999,999</msg>
<status status="PASS" starttime="20220707 11:23:09.199" endtime="20220707 11:23:09.199"/>
</kw>
<kw name="Remove String" library="String">
<var>${NumericalPrice}</var>
<arg>${Price}</arg>
<arg>,</arg>
<arg>$</arg>
<doc>Removes all ``removables`` from the given ``string``.</doc>
<msg timestamp="20220707 11:23:09.199" level="INFO">${NumericalPrice} = 999999</msg>
<status status="PASS" starttime="20220707 11:23:09.199" endtime="20220707 11:23:09.199"/>
</kw>
<kw name="Append To List" library="Collections">
<arg>${property_prices}</arg>
<arg>${NumericalPrice}</arg>
<doc>Adds ``values`` to the end of ``list``.</doc>
<status status="PASS" starttime="20220707 11:23:09.199" endtime="20220707 11:23:09.199"/>
</kw>
<status status="PASS" starttime="20220707 11:23:09.148" endtime="20220707 11:23:09.199"/>
</iter>
<iter>
<var name="${i}">24</var>
<kw name="Get Text" library="SeleniumLibrary">
<var>${AskPrice}</var>
<arg>xpath=//div[@id='listRow']/div[${i}]//div[contains(@class,'AskingPrice')]</arg>
<doc>Returns the text value of the element identified by ``locator``.</doc>
<msg timestamp="20220707 11:23:09.246" level="INFO">${AskPrice} = $586,013</msg>
<status status="PASS" starttime="20220707 11:23:09.199" endtime="20220707 11:23:09.246"/>
</kw>
<kw name="Append To List" library="Collections">
<arg>${houses}</arg>
<arg>${AskPrice}</arg>
<doc>Adds ``values`` to the end of ``list``.</doc>
<status status="PASS" starttime="20220707 11:23:09.247" endtime="20220707 11:23:09.247"/>
</kw>
<kw name="Set Variable" library="BuiltIn">
<var>${Price}</var>
<arg>${AskPrice}</arg>
<doc>Returns the given values which can then be assigned to a variables.</doc>
<msg timestamp="20220707 11:23:09.247" level="INFO">${Price} = $586,013</msg>
<status status="PASS" starttime="20220707 11:23:09.247" endtime="20220707 11:23:09.247"/>
</kw>
<kw name="Remove String" library="String">
<var>${NumericalPrice}</var>
<arg>${Price}</arg>
<arg>,</arg>
<arg>$</arg>
<doc>Removes all ``removables`` from the given ``string``.</doc>
<msg timestamp="20220707 11:23:09.247" level="INFO">${NumericalPrice} = 586013</msg>
<status status="PASS" starttime="20220707 11:23:09.247" endtime="20220707 11:23:09.247"/>
</kw>
<kw name="Append To List" library="Collections">
<arg>${property_prices}</arg>
<arg>${NumericalPrice}</arg>
<doc>Adds ``values`` to the end of ``list``.</doc>
<status status="PASS" starttime="20220707 11:23:09.247" endtime="20220707 11:23:09.247"/>
</kw>
<status status="PASS" starttime="20220707 11:23:09.199" endtime="20220707 11:23:09.247"/>
</iter>
<iter>
<var name="${i}">25</var>
<kw name="Get Text" library="SeleniumLibrary">
<var>${AskPrice}</var>
<arg>xpath=//div[@id='listRow']/div[${i}]//div[contains(@class,'AskingPrice')]</arg>
<doc>Returns the text value of the element identified by ``locator``.</doc>
<msg timestamp="20220707 11:23:09.296" level="INFO">${AskPrice} = $729,000</msg>
<status status="PASS" starttime="20220707 11:23:09.247" endtime="20220707 11:23:09.296"/>
</kw>
<kw name="Append To List" library="Collections">
<arg>${houses}</arg>
<arg>${AskPrice}</arg>
<doc>Adds ``values`` to the end of ``list``.</doc>
<status status="PASS" starttime="20220707 11:23:09.296" endtime="20220707 11:23:09.296"/>
</kw>
<kw name="Set Variable" library="BuiltIn">
<var>${Price}</var>
<arg>${AskPrice}</arg>
<doc>Returns the given values which can then be assigned to a variables.</doc>
<msg timestamp="20220707 11:23:09.296" level="INFO">${Price} = $729,000</msg>
<status status="PASS" starttime="20220707 11:23:09.296" endtime="20220707 11:23:09.296"/>
</kw>
<kw name="Remove String" library="String">
<var>${NumericalPrice}</var>
<arg>${Price}</arg>
<arg>,</arg>
<arg>$</arg>
<doc>Removes all ``removables`` from the given ``string``.</doc>
<msg timestamp="20220707 11:23:09.296" level="INFO">${NumericalPrice} = 729000</msg>
<status status="PASS" starttime="20220707 11:23:09.296" endtime="20220707 11:23:09.296"/>
</kw>
<kw name="Append To List" library="Collections">
<arg>${property_prices}</arg>
<arg>${NumericalPrice}</arg>
<doc>Adds ``values`` to the end of ``list``.</doc>
<status status="PASS" starttime="20220707 11:23:09.296" endtime="20220707 11:23:09.296"/>
</kw>
<status status="PASS" starttime="20220707 11:23:09.247" endtime="20220707 11:23:09.296"/>
</iter>
<iter>
<var name="${i}">26</var>
<kw name="Get Text" library="SeleniumLibrary">
<var>${AskPrice}</var>
<arg>xpath=//div[@id='listRow']/div[${i}]//div[contains(@class,'AskingPrice')]</arg>
<doc>Returns the text value of the element identified by ``locator``.</doc>
<msg timestamp="20220707 11:23:09.353" level="INFO">${AskPrice} = $645,000</msg>
<status status="PASS" starttime="20220707 11:23:09.296" endtime="20220707 11:23:09.353"/>
</kw>
<kw name="Append To List" library="Collections">
<arg>${houses}</arg>
<arg>${AskPrice}</arg>
<doc>Adds ``values`` to the end of ``list``.</doc>
<status status="PASS" starttime="20220707 11:23:09.354" endtime="20220707 11:23:09.354"/>
</kw>
<kw name="Set Variable" library="BuiltIn">
<var>${Price}</var>
<arg>${AskPrice}</arg>
<doc>Returns the given values which can then be assigned to a variables.</doc>
<msg timestamp="20220707 11:23:09.354" level="INFO">${Price} = $645,000</msg>
<status status="PASS" starttime="20220707 11:23:09.354" endtime="20220707 11:23:09.354"/>
</kw>
<kw name="Remove String" library="String">
<var>${NumericalPrice}</var>
<arg>${Price}</arg>
<arg>,</arg>
<arg>$</arg>
<doc>Removes all ``removables`` from the given ``string``.</doc>
<msg timestamp="20220707 11:23:09.354" level="INFO">${NumericalPrice} = 645000</msg>
<status status="PASS" starttime="20220707 11:23:09.354" endtime="20220707 11:23:09.354"/>
</kw>
<kw name="Append To List" library="Collections">
<arg>${property_prices}</arg>
<arg>${NumericalPrice}</arg>
<doc>Adds ``values`` to the end of ``list``.</doc>
<status status="PASS" starttime="20220707 11:23:09.354" endtime="20220707 11:23:09.354"/>
</kw>
<status status="PASS" starttime="20220707 11:23:09.296" endtime="20220707 11:23:09.354"/>
</iter>
<iter>
<var name="${i}">27</var>
<kw name="Get Text" library="SeleniumLibrary">
<var>${AskPrice}</var>
<arg>xpath=//div[@id='listRow']/div[${i}]//div[contains(@class,'AskingPrice')]</arg>
<doc>Returns the text value of the element identified by ``locator``.</doc>
<msg timestamp="20220707 11:23:09.402" level="INFO">${AskPrice} = $449,000</msg>
<status status="PASS" starttime="20220707 11:23:09.354" endtime="20220707 11:23:09.402"/>
</kw>
<kw name="Append To List" library="Collections">
<arg>${houses}</arg>
<arg>${AskPrice}</arg>
<doc>Adds ``values`` to the end of ``list``.</doc>
<status status="PASS" starttime="20220707 11:23:09.402" endtime="20220707 11:23:09.402"/>
</kw>
<kw name="Set Variable" library="BuiltIn">
<var>${Price}</var>
<arg>${AskPrice}</arg>
<doc>Returns the given values which can then be assigned to a variables.</doc>
<msg timestamp="20220707 11:23:09.402" level="INFO">${Price} = $449,000</msg>
<status status="PASS" starttime="20220707 11:23:09.402" endtime="20220707 11:23:09.402"/>
</kw>
<kw name="Remove String" library="String">
<var>${NumericalPrice}</var>
<arg>${Price}</arg>
<arg>,</arg>
<arg>$</arg>
<doc>Removes all ``removables`` from the given ``string``.</doc>
<msg timestamp="20220707 11:23:09.402" level="INFO">${NumericalPrice} = 449000</msg>
<status status="PASS" starttime="20220707 11:23:09.402" endtime="20220707 11:23:09.402"/>
</kw>
<kw name="Append To List" library="Collections">
<arg>${property_prices}</arg>
<arg>${NumericalPrice}</arg>
<doc>Adds ``values`` to the end of ``list``.</doc>
<status status="PASS" starttime="20220707 11:23:09.402" endtime="20220707 11:23:09.402"/>
</kw>
<status status="PASS" starttime="20220707 11:23:09.354" endtime="20220707 11:23:09.402"/>
</iter>
<iter>
<var name="${i}">28</var>
<kw name="Get Text" library="SeleniumLibrary">
<var>${AskPrice}</var>
<arg>xpath=//div[@id='listRow']/div[${i}]//div[contains(@class,'AskingPrice')]</arg>
<doc>Returns the text value of the element identified by ``locator``.</doc>
<msg timestamp="20220707 11:23:09.452" level="INFO">${AskPrice} = $599,000</msg>
<status status="PASS" starttime="20220707 11:23:09.402" endtime="20220707 11:23:09.452"/>
</kw>
<kw name="Append To List" library="Collections">
<arg>${houses}</arg>
<arg>${AskPrice}</arg>
<doc>Adds ``values`` to the end of ``list``.</doc>
<status status="PASS" starttime="20220707 11:23:09.452" endtime="20220707 11:23:09.453"/>
</kw>
<kw name="Set Variable" library="BuiltIn">
<var>${Price}</var>
<arg>${AskPrice}</arg>
<doc>Returns the given values which can then be assigned to a variables.</doc>
<msg timestamp="20220707 11:23:09.454" level="INFO">${Price} = $599,000</msg>
<status status="PASS" starttime="20220707 11:23:09.453" endtime="20220707 11:23:09.454"/>
</kw>
<kw name="Remove String" library="String">
<var>${NumericalPrice}</var>
<arg>${Price}</arg>
<arg>,</arg>
<arg>$</arg>
<doc>Removes all ``removables`` from the given ``string``.</doc>
<msg timestamp="20220707 11:23:09.455" level="INFO">${NumericalPrice} = 599000</msg>
<status status="PASS" starttime="20220707 11:23:09.454" endtime="20220707 11:23:09.455"/>
</kw>
<kw name="Append To List" library="Collections">
<arg>${property_prices}</arg>
<arg>${NumericalPrice}</arg>
<doc>Adds ``values`` to the end of ``list``.</doc>
<status status="PASS" starttime="20220707 11:23:09.455" endtime="20220707 11:23:09.456"/>
</kw>
<status status="PASS" starttime="20220707 11:23:09.402" endtime="20220707 11:23:09.456"/>
</iter>
<iter>
<var name="${i}">29</var>
<kw name="Get Text" library="SeleniumLibrary">
<var>${AskPrice}</var>
<arg>xpath=//div[@id='listRow']/div[${i}]//div[contains(@class,'AskingPrice')]</arg>
<doc>Returns the text value of the element identified by ``locator``.</doc>
<msg timestamp="20220707 11:23:09.507" level="INFO">${AskPrice} = $449,900</msg>
<status status="PASS" starttime="20220707 11:23:09.456" endtime="20220707 11:23:09.507"/>
</kw>
<kw name="Append To List" library="Collections">
<arg>${houses}</arg>
<arg>${AskPrice}</arg>
<doc>Adds ``values`` to the end of ``list``.</doc>
<status status="PASS" starttime="20220707 11:23:09.508" endtime="20220707 11:23:09.508"/>
</kw>
<kw name="Set Variable" library="BuiltIn">
<var>${Price}</var>
<arg>${AskPrice}</arg>
<doc>Returns the given values which can then be assigned to a variables.</doc>
<msg timestamp="20220707 11:23:09.509" level="INFO">${Price} = $449,900</msg>
<status status="PASS" starttime="20220707 11:23:09.508" endtime="20220707 11:23:09.509"/>
</kw>
<kw name="Remove String" library="String">
<var>${NumericalPrice}</var>
<arg>${Price}</arg>
<arg>,</arg>
<arg>$</arg>
<doc>Removes all ``removables`` from the given ``string``.</doc>
<msg timestamp="20220707 11:23:09.509" level="INFO">${NumericalPrice} = 449900</msg>
<status status="PASS" starttime="20220707 11:23:09.509" endtime="20220707 11:23:09.509"/>
</kw>
<kw name="Append To List" library="Collections">
<arg>${property_prices}</arg>
<arg>${NumericalPrice}</arg>
<doc>Adds ``values`` to the end of ``list``.</doc>
<status status="PASS" starttime="20220707 11:23:09.509" endtime="20220707 11:23:09.509"/>
</kw>
<status status="PASS" starttime="20220707 11:23:09.456" endtime="20220707 11:23:09.509"/>
</iter>
<iter>
<var name="${i}">30</var>
<kw name="Get Text" library="SeleniumLibrary">
<var>${AskPrice}</var>
<arg>xpath=//div[@id='listRow']/div[${i}]//div[contains(@class,'AskingPrice')]</arg>
<doc>Returns the text value of the element identified by ``locator``.</doc>
<msg timestamp="20220707 11:23:09.559" level="INFO">${AskPrice} = $749,000</msg>
<status status="PASS" starttime="20220707 11:23:09.509" endtime="20220707 11:23:09.559"/>
</kw>
<kw name="Append To List" library="Collections">
<arg>${houses}</arg>
<arg>${AskPrice}</arg>
<doc>Adds ``values`` to the end of ``list``.</doc>
<status status="PASS" starttime="20220707 11:23:09.559" endtime="20220707 11:23:09.559"/>
</kw>
<kw name="Set Variable" library="BuiltIn">
<var>${Price}</var>
<arg>${AskPrice}</arg>
<doc>Returns the given values which can then be assigned to a variables.</doc>
<msg timestamp="20220707 11:23:09.560" level="INFO">${Price} = $749,000</msg>
<status status="PASS" starttime="20220707 11:23:09.559" endtime="20220707 11:23:09.560"/>
</kw>
<kw name="Remove String" library="String">
<var>${NumericalPrice}</var>
<arg>${Price}</arg>
<arg>,</arg>
<arg>$</arg>
<doc>Removes all ``removables`` from the given ``string``.</doc>
<msg timestamp="20220707 11:23:09.560" level="INFO">${NumericalPrice} = 749000</msg>
<status status="PASS" starttime="20220707 11:23:09.560" endtime="20220707 11:23:09.560"/>
</kw>
<kw name="Append To List" library="Collections">
<arg>${property_prices}</arg>
<arg>${NumericalPrice}</arg>
<doc>Adds ``values`` to the end of ``list``.</doc>
<status status="PASS" starttime="20220707 11:23:09.560" endtime="20220707 11:23:09.560"/>
</kw>
<status status="PASS" starttime="20220707 11:23:09.509" endtime="20220707 11:23:09.560"/>
</iter>
<iter>
<var name="${i}">31</var>
<kw name="Get Text" library="SeleniumLibrary">
<var>${AskPrice}</var>
<arg>xpath=//div[@id='listRow']/div[${i}]//div[contains(@class,'AskingPrice')]</arg>
<doc>Returns the text value of the element identified by ``locator``.</doc>
<msg timestamp="20220707 11:23:09.607" level="INFO">${AskPrice} = $609,900</msg>
<status status="PASS" starttime="20220707 11:23:09.560" endtime="20220707 11:23:09.607"/>
</kw>
<kw name="Append To List" library="Collections">
<arg>${houses}</arg>
<arg>${AskPrice}</arg>
<doc>Adds ``values`` to the end of ``list``.</doc>
<status status="PASS" starttime="20220707 11:23:09.607" endtime="20220707 11:23:09.607"/>
</kw>
<kw name="Set Variable" library="BuiltIn">
<var>${Price}</var>
<arg>${AskPrice}</arg>
<doc>Returns the given values which can then be assigned to a variables.</doc>
<msg timestamp="20220707 11:23:09.607" level="INFO">${Price} = $609,900</msg>
<status status="PASS" starttime="20220707 11:23:09.607" endtime="20220707 11:23:09.607"/>
</kw>
<kw name="Remove String" library="String">
<var>${NumericalPrice}</var>
<arg>${Price}</arg>
<arg>,</arg>
<arg>$</arg>
<doc>Removes all ``removables`` from the given ``string``.</doc>
<msg timestamp="20220707 11:23:09.607" level="INFO">${NumericalPrice} = 609900</msg>
<status status="PASS" starttime="20220707 11:23:09.607" endtime="20220707 11:23:09.607"/>
</kw>
<kw name="Append To List" library="Collections">
<arg>${property_prices}</arg>
<arg>${NumericalPrice}</arg>
<doc>Adds ``values`` to the end of ``list``.</doc>
<status status="PASS" starttime="20220707 11:23:09.607" endtime="20220707 11:23:09.607"/>
</kw>
<status status="PASS" starttime="20220707 11:23:09.560" endtime="20220707 11:23:09.607"/>
</iter>
<iter>
<var name="${i}">32</var>
<kw name="Get Text" library="SeleniumLibrary">
<var>${AskPrice}</var>
<arg>xpath=//div[@id='listRow']/div[${i}]//div[contains(@class,'AskingPrice')]</arg>
<doc>Returns the text value of the element identified by ``locator``.</doc>
<msg timestamp="20220707 11:23:09.657" level="INFO">${AskPrice} = $395,000</msg>
<status status="PASS" starttime="20220707 11:23:09.607" endtime="20220707 11:23:09.657"/>
</kw>
<kw name="Append To List" library="Collections">
<arg>${houses}</arg>
<arg>${AskPrice}</arg>
<doc>Adds ``values`` to the end of ``list``.</doc>
<status status="PASS" starttime="20220707 11:23:09.657" endtime="20220707 11:23:09.657"/>
</kw>
<kw name="Set Variable" library="BuiltIn">
<var>${Price}</var>
<arg>${AskPrice}</arg>
<doc>Returns the given values which can then be assigned to a variables.</doc>
<msg timestamp="20220707 11:23:09.657" level="INFO">${Price} = $395,000</msg>
<status status="PASS" starttime="20220707 11:23:09.657" endtime="20220707 11:23:09.657"/>
</kw>
<kw name="Remove String" library="String">
<var>${NumericalPrice}</var>
<arg>${Price}</arg>
<arg>,</arg>
<arg>$</arg>
<doc>Removes all ``removables`` from the given ``string``.</doc>
<msg timestamp="20220707 11:23:09.657" level="INFO">${NumericalPrice} = 395000</msg>
<status status="PASS" starttime="20220707 11:23:09.657" endtime="20220707 11:23:09.657"/>
</kw>
<kw name="Append To List" library="Collections">
<arg>${property_prices}</arg>
<arg>${NumericalPrice}</arg>
<doc>Adds ``values`` to the end of ``list``.</doc>
<status status="PASS" starttime="20220707 11:23:09.657" endtime="20220707 11:23:09.657"/>
</kw>
<status status="PASS" starttime="20220707 11:23:09.607" endtime="20220707 11:23:09.657"/>
</iter>
<iter>
<var name="${i}">33</var>
<kw name="Get Text" library="SeleniumLibrary">
<var>${AskPrice}</var>
<arg>xpath=//div[@id='listRow']/div[${i}]//div[contains(@class,'AskingPrice')]</arg>
<doc>Returns the text value of the element identified by ``locator``.</doc>
<msg timestamp="20220707 11:23:09.717" level="INFO">${AskPrice} = $475,000</msg>
<status status="PASS" starttime="20220707 11:23:09.657" endtime="20220707 11:23:09.717"/>
</kw>
<kw name="Append To List" library="Collections">
<arg>${houses}</arg>
<arg>${AskPrice}</arg>
<doc>Adds ``values`` to the end of ``list``.</doc>
<status status="PASS" starttime="20220707 11:23:09.717" endtime="20220707 11:23:09.717"/>
</kw>
<kw name="Set Variable" library="BuiltIn">
<var>${Price}</var>
<arg>${AskPrice}</arg>
<doc>Returns the given values which can then be assigned to a variables.</doc>
<msg timestamp="20220707 11:23:09.717" level="INFO">${Price} = $475,000</msg>
<status status="PASS" starttime="20220707 11:23:09.717" endtime="20220707 11:23:09.717"/>
</kw>
<kw name="Remove String" library="String">
<var>${NumericalPrice}</var>
<arg>${Price}</arg>
<arg>,</arg>
<arg>$</arg>
<doc>Removes all ``removables`` from the given ``string``.</doc>
<msg timestamp="20220707 11:23:09.717" level="INFO">${NumericalPrice} = 475000</msg>
<status status="PASS" starttime="20220707 11:23:09.717" endtime="20220707 11:23:09.717"/>
</kw>
<kw name="Append To List" library="Collections">
<arg>${property_prices}</arg>
<arg>${NumericalPrice}</arg>
<doc>Adds ``values`` to the end of ``list``.</doc>
<status status="PASS" starttime="20220707 11:23:09.717" endtime="20220707 11:23:09.717"/>
</kw>
<status status="PASS" starttime="20220707 11:23:09.657" endtime="20220707 11:23:09.717"/>
</iter>
<iter>
<var name="${i}">34</var>
<kw name="Get Text" library="SeleniumLibrary">
<var>${AskPrice}</var>
<arg>xpath=//div[@id='listRow']/div[${i}]//div[contains(@class,'AskingPrice')]</arg>
<doc>Returns the text value of the element identified by ``locator``.</doc>
<msg timestamp="20220707 11:23:09.764" level="INFO">${AskPrice} = $699,999</msg>
<status status="PASS" starttime="20220707 11:23:09.717" endtime="20220707 11:23:09.764"/>
</kw>
<kw name="Append To List" library="Collections">
<arg>${houses}</arg>
<arg>${AskPrice}</arg>
<doc>Adds ``values`` to the end of ``list``.</doc>
<status status="PASS" starttime="20220707 11:23:09.764" endtime="20220707 11:23:09.765"/>
</kw>
<kw name="Set Variable" library="BuiltIn">
<var>${Price}</var>
<arg>${AskPrice}</arg>
<doc>Returns the given values which can then be assigned to a variables.</doc>
<msg timestamp="20220707 11:23:09.765" level="INFO">${Price} = $699,999</msg>
<status status="PASS" starttime="20220707 11:23:09.765" endtime="20220707 11:23:09.765"/>
</kw>
<kw name="Remove String" library="String">
<var>${NumericalPrice}</var>
<arg>${Price}</arg>
<arg>,</arg>
<arg>$</arg>
<doc>Removes all ``removables`` from the given ``string``.</doc>
<msg timestamp="20220707 11:23:09.765" level="INFO">${NumericalPrice} = 699999</msg>
<status status="PASS" starttime="20220707 11:23:09.765" endtime="20220707 11:23:09.765"/>
</kw>
<kw name="Append To List" library="Collections">
<arg>${property_prices}</arg>
<arg>${NumericalPrice}</arg>
<doc>Adds ``values`` to the end of ``list``.</doc>
<status status="PASS" starttime="20220707 11:23:09.765" endtime="20220707 11:23:09.765"/>
</kw>
<status status="PASS" starttime="20220707 11:23:09.717" endtime="20220707 11:23:09.765"/>
</iter>
<iter>
<var name="${i}">35</var>
<kw name="Get Text" library="SeleniumLibrary">
<var>${AskPrice}</var>
<arg>xpath=//div[@id='listRow']/div[${i}]//div[contains(@class,'AskingPrice')]</arg>
<doc>Returns the text value of the element identified by ``locator``.</doc>
<msg timestamp="20220707 11:23:09.810" level="INFO">${AskPrice} = $879,880</msg>
<status status="PASS" starttime="20220707 11:23:09.765" endtime="20220707 11:23:09.810"/>
</kw>
<kw name="Append To List" library="Collections">
<arg>${houses}</arg>
<arg>${AskPrice}</arg>
<doc>Adds ``values`` to the end of ``list``.</doc>
<status status="PASS" starttime="20220707 11:23:09.810" endtime="20220707 11:23:09.810"/>
</kw>
<kw name="Set Variable" library="BuiltIn">
<var>${Price}</var>
<arg>${AskPrice}</arg>
<doc>Returns the given values which can then be assigned to a variables.</doc>
<msg timestamp="20220707 11:23:09.810" level="INFO">${Price} = $879,880</msg>
<status status="PASS" starttime="20220707 11:23:09.810" endtime="20220707 11:23:09.810"/>
</kw>
<kw name="Remove String" library="String">
<var>${NumericalPrice}</var>
<arg>${Price}</arg>
<arg>,</arg>
<arg>$</arg>
<doc>Removes all ``removables`` from the given ``string``.</doc>
<msg timestamp="20220707 11:23:09.810" level="INFO">${NumericalPrice} = 879880</msg>
<status status="PASS" starttime="20220707 11:23:09.810" endtime="20220707 11:23:09.810"/>
</kw>
<kw name="Append To List" library="Collections">
<arg>${property_prices}</arg>
<arg>${NumericalPrice}</arg>
<doc>Adds ``values`` to the end of ``list``.</doc>
<status status="PASS" starttime="20220707 11:23:09.810" endtime="20220707 11:23:09.810"/>
</kw>
<status status="PASS" starttime="20220707 11:23:09.765" endtime="20220707 11:23:09.810"/>
</iter>
<iter>
<var name="${i}">36</var>
<kw name="Get Text" library="SeleniumLibrary">
<var>${AskPrice}</var>
<arg>xpath=//div[@id='listRow']/div[${i}]//div[contains(@class,'AskingPrice')]</arg>
<doc>Returns the text value of the element identified by ``locator``.</doc>
<msg timestamp="20220707 11:23:09.857" level="INFO">${AskPrice} = $499,900</msg>
<status status="PASS" starttime="20220707 11:23:09.810" endtime="20220707 11:23:09.858"/>
</kw>
<kw name="Append To List" library="Collections">
<arg>${houses}</arg>
<arg>${AskPrice}</arg>
<doc>Adds ``values`` to the end of ``list``.</doc>
<status status="PASS" starttime="20220707 11:23:09.858" endtime="20220707 11:23:09.859"/>
</kw>
<kw name="Set Variable" library="BuiltIn">
<var>${Price}</var>
<arg>${AskPrice}</arg>
<doc>Returns the given values which can then be assigned to a variables.</doc>
<msg timestamp="20220707 11:23:09.859" level="INFO">${Price} = $499,900</msg>
<status status="PASS" starttime="20220707 11:23:09.859" endtime="20220707 11:23:09.859"/>
</kw>
<kw name="Remove String" library="String">
<var>${NumericalPrice}</var>
<arg>${Price}</arg>
<arg>,</arg>
<arg>$</arg>
<doc>Removes all ``removables`` from the given ``string``.</doc>
<msg timestamp="20220707 11:23:09.859" level="INFO">${NumericalPrice} = 499900</msg>
<status status="PASS" starttime="20220707 11:23:09.859" endtime="20220707 11:23:09.859"/>
</kw>
<kw name="Append To List" library="Collections">
<arg>${property_prices}</arg>
<arg>${NumericalPrice}</arg>
<doc>Adds ``values`` to the end of ``list``.</doc>
<status status="PASS" starttime="20220707 11:23:09.859" endtime="20220707 11:23:09.861"/>
</kw>
<status status="PASS" starttime="20220707 11:23:09.810" endtime="20220707 11:23:09.861"/>
</iter>
<iter>
<var name="${i}">37</var>
<kw name="Get Text" library="SeleniumLibrary">
<var>${AskPrice}</var>
<arg>xpath=//div[@id='listRow']/div[${i}]//div[contains(@class,'AskingPrice')]</arg>
<doc>Returns the text value of the element identified by ``locator``.</doc>
<msg timestamp="20220707 11:23:09.900" level="INFO">${AskPrice} = $599,900</msg>
<status status="PASS" starttime="20220707 11:23:09.862" endtime="20220707 11:23:09.900"/>
</kw>
<kw name="Append To List" library="Collections">
<arg>${houses}</arg>
<arg>${AskPrice}</arg>
<doc>Adds ``values`` to the end of ``list``.</doc>
<status status="PASS" starttime="20220707 11:23:09.901" endtime="20220707 11:23:09.901"/>
</kw>
<kw name="Set Variable" library="BuiltIn">
<var>${Price}</var>
<arg>${AskPrice}</arg>
<doc>Returns the given values which can then be assigned to a variables.</doc>
<msg timestamp="20220707 11:23:09.901" level="INFO">${Price} = $599,900</msg>
<status status="PASS" starttime="20220707 11:23:09.901" endtime="20220707 11:23:09.901"/>
</kw>
<kw name="Remove String" library="String">
<var>${NumericalPrice}</var>
<arg>${Price}</arg>
<arg>,</arg>
<arg>$</arg>
<doc>Removes all ``removables`` from the given ``string``.</doc>
<msg timestamp="20220707 11:23:09.901" level="INFO">${NumericalPrice} = 599900</msg>
<status status="PASS" starttime="20220707 11:23:09.901" endtime="20220707 11:23:09.901"/>
</kw>
<kw name="Append To List" library="Collections">
<arg>${property_prices}</arg>
<arg>${NumericalPrice}</arg>
<doc>Adds ``values`` to the end of ``list``.</doc>
<status status="PASS" starttime="20220707 11:23:09.901" endtime="20220707 11:23:09.903"/>
</kw>
<status status="PASS" starttime="20220707 11:23:09.862" endtime="20220707 11:23:09.903"/>
</iter>
<iter>
<var name="${i}">38</var>
<kw name="Get Text" library="SeleniumLibrary">
<var>${AskPrice}</var>
<arg>xpath=//div[@id='listRow']/div[${i}]//div[contains(@class,'AskingPrice')]</arg>
<doc>Returns the text value of the element identified by ``locator``.</doc>
<msg timestamp="20220707 11:23:09.944" level="INFO">${AskPrice} = $995,000</msg>
<status status="PASS" starttime="20220707 11:23:09.903" endtime="20220707 11:23:09.944"/>
</kw>
<kw name="Append To List" library="Collections">
<arg>${houses}</arg>
<arg>${AskPrice}</arg>
<doc>Adds ``values`` to the end of ``list``.</doc>
<status status="PASS" starttime="20220707 11:23:09.944" endtime="20220707 11:23:09.945"/>
</kw>
<kw name="Set Variable" library="BuiltIn">
<var>${Price}</var>
<arg>${AskPrice}</arg>
<doc>Returns the given values which can then be assigned to a variables.</doc>
<msg timestamp="20220707 11:23:09.946" level="INFO">${Price} = $995,000</msg>
<status status="PASS" starttime="20220707 11:23:09.945" endtime="20220707 11:23:09.946"/>
</kw>
<kw name="Remove String" library="String">
<var>${NumericalPrice}</var>
<arg>${Price}</arg>
<arg>,</arg>
<arg>$</arg>
<doc>Removes all ``removables`` from the given ``string``.</doc>
<msg timestamp="20220707 11:23:09.947" level="INFO">${NumericalPrice} = 995000</msg>
<status status="PASS" starttime="20220707 11:23:09.946" endtime="20220707 11:23:09.947"/>
</kw>
<kw name="Append To List" library="Collections">
<arg>${property_prices}</arg>
<arg>${NumericalPrice}</arg>
<doc>Adds ``values`` to the end of ``list``.</doc>
<status status="PASS" starttime="20220707 11:23:09.948" endtime="20220707 11:23:09.948"/>
</kw>
<status status="PASS" starttime="20220707 11:23:09.903" endtime="20220707 11:23:09.948"/>
</iter>
<iter>
<var name="${i}">39</var>
<kw name="Get Text" library="SeleniumLibrary">
<var>${AskPrice}</var>
<arg>xpath=//div[@id='listRow']/div[${i}]//div[contains(@class,'AskingPrice')]</arg>
<doc>Returns the text value of the element identified by ``locator``.</doc>
<msg timestamp="20220707 11:23:09.989" level="INFO">${AskPrice} = $874,900</msg>
<status status="PASS" starttime="20220707 11:23:09.949" endtime="20220707 11:23:09.989"/>
</kw>
<kw name="Append To List" library="Collections">
<arg>${houses}</arg>
<arg>${AskPrice}</arg>
<doc>Adds ``values`` to the end of ``list``.</doc>
<status status="PASS" starttime="20220707 11:23:09.989" endtime="20220707 11:23:09.989"/>
</kw>
<kw name="Set Variable" library="BuiltIn">
<var>${Price}</var>
<arg>${AskPrice}</arg>
<doc>Returns the given values which can then be assigned to a variables.</doc>
<msg timestamp="20220707 11:23:09.990" level="INFO">${Price} = $874,900</msg>
<status status="PASS" starttime="20220707 11:23:09.990" endtime="20220707 11:23:09.990"/>
</kw>
<kw name="Remove String" library="String">
<var>${NumericalPrice}</var>
<arg>${Price}</arg>
<arg>,</arg>
<arg>$</arg>
<doc>Removes all ``removables`` from the given ``string``.</doc>
<msg timestamp="20220707 11:23:09.990" level="INFO">${NumericalPrice} = 874900</msg>
<status status="PASS" starttime="20220707 11:23:09.990" endtime="20220707 11:23:09.990"/>
</kw>
<kw name="Append To List" library="Collections">
<arg>${property_prices}</arg>
<arg>${NumericalPrice}</arg>
<doc>Adds ``values`` to the end of ``list``.</doc>
<status status="PASS" starttime="20220707 11:23:09.990" endtime="20220707 11:23:09.990"/>
</kw>
<status status="PASS" starttime="20220707 11:23:09.948" endtime="20220707 11:23:09.990"/>
</iter>
<iter>
<var name="${i}">40</var>
<kw name="Get Text" library="SeleniumLibrary">
<var>${AskPrice}</var>
<arg>xpath=//div[@id='listRow']/div[${i}]//div[contains(@class,'AskingPrice')]</arg>
<doc>Returns the text value of the element identified by ``locator``.</doc>
<msg timestamp="20220707 11:23:10.029" level="INFO">${AskPrice} = $888,888</msg>
<status status="PASS" starttime="20220707 11:23:09.990" endtime="20220707 11:23:10.029"/>
</kw>
<kw name="Append To List" library="Collections">
<arg>${houses}</arg>
<arg>${AskPrice}</arg>
<doc>Adds ``values`` to the end of ``list``.</doc>
<status status="PASS" starttime="20220707 11:23:10.030" endtime="20220707 11:23:10.030"/>
</kw>
<kw name="Set Variable" library="BuiltIn">
<var>${Price}</var>
<arg>${AskPrice}</arg>
<doc>Returns the given values which can then be assigned to a variables.</doc>
<msg timestamp="20220707 11:23:10.030" level="INFO">${Price} = $888,888</msg>
<status status="PASS" starttime="20220707 11:23:10.030" endtime="20220707 11:23:10.030"/>
</kw>
<kw name="Remove String" library="String">
<var>${NumericalPrice}</var>
<arg>${Price}</arg>
<arg>,</arg>
<arg>$</arg>
<doc>Removes all ``removables`` from the given ``string``.</doc>
<msg timestamp="20220707 11:23:10.030" level="INFO">${NumericalPrice} = 888888</msg>
<status status="PASS" starttime="20220707 11:23:10.030" endtime="20220707 11:23:10.030"/>
</kw>
<kw name="Append To List" library="Collections">
<arg>${property_prices}</arg>
<arg>${NumericalPrice}</arg>
<doc>Adds ``values`` to the end of ``list``.</doc>
<status status="PASS" starttime="20220707 11:23:10.030" endtime="20220707 11:23:10.030"/>
</kw>
<status status="PASS" starttime="20220707 11:23:09.990" endtime="20220707 11:23:10.030"/>
</iter>
<iter>
<var name="${i}">41</var>
<kw name="Get Text" library="SeleniumLibrary">
<var>${AskPrice}</var>
<arg>xpath=//div[@id='listRow']/div[${i}]//div[contains(@class,'AskingPrice')]</arg>
<doc>Returns the text value of the element identified by ``locator``.</doc>
<msg timestamp="20220707 11:23:10.079" level="INFO">${AskPrice} = $467,777</msg>
<status status="PASS" starttime="20220707 11:23:10.030" endtime="20220707 11:23:10.079"/>
</kw>
<kw name="Append To List" library="Collections">
<arg>${houses}</arg>
<arg>${AskPrice}</arg>
<doc>Adds ``values`` to the end of ``list``.</doc>
<status status="PASS" starttime="20220707 11:23:10.079" endtime="20220707 11:23:10.079"/>
</kw>
<kw name="Set Variable" library="BuiltIn">
<var>${Price}</var>
<arg>${AskPrice}</arg>
<doc>Returns the given values which can then be assigned to a variables.</doc>
<msg timestamp="20220707 11:23:10.080" level="INFO">${Price} = $467,777</msg>
<status status="PASS" starttime="20220707 11:23:10.080" endtime="20220707 11:23:10.080"/>
</kw>
<kw name="Remove String" library="String">
<var>${NumericalPrice}</var>
<arg>${Price}</arg>
<arg>,</arg>
<arg>$</arg>
<doc>Removes all ``removables`` from the given ``string``.</doc>
<msg timestamp="20220707 11:23:10.081" level="INFO">${NumericalPrice} = 467777</msg>
<status status="PASS" starttime="20220707 11:23:10.080" endtime="20220707 11:23:10.081"/>
</kw>
<kw name="Append To List" library="Collections">
<arg>${property_prices}</arg>
<arg>${NumericalPrice}</arg>
[...]
</kw>
<status status="PASS" starttime="20220707 11:23:45.055" endtime="20220707 11:23:45.055"/>
</iter>
<iter>
<var name="${count}">31</var>
<kw name="Read Excel Cell" library="ExcelLibrary">
<var>${cellvalue}</var>
<arg>${count}</arg>
<arg>1</arg>
<doc>Returns content of a cell.</doc>
<msg timestamp="20220707 11:23:45.055" level="INFO">${cellvalue} = 749000</msg>
<status status="PASS" starttime="20220707 11:23:45.055" endtime="20220707 11:23:45.055"/>
</kw>
<status status="PASS" starttime="20220707 11:23:45.055" endtime="20220707 11:23:45.055"/>
</iter>
<iter>
<var name="${count}">32</var>
<kw name="Read Excel Cell" library="ExcelLibrary">
<var>${cellvalue}</var>
<arg>${count}</arg>
<arg>1</arg>
<doc>Returns content of a cell.</doc>
<msg timestamp="20220707 11:23:45.055" level="INFO">${cellvalue} = 609900</msg>
<status status="PASS" starttime="20220707 11:23:45.055" endtime="20220707 11:23:45.055"/>
</kw>
<status status="PASS" starttime="20220707 11:23:45.055" endtime="20220707 11:23:45.055"/>
</iter>
<iter>
<var name="${count}">33</var>
<kw name="Read Excel Cell" library="ExcelLibrary">
<var>${cellvalue}</var>
<arg>${count}</arg>
<arg>1</arg>
<doc>Returns content of a cell.</doc>
<msg timestamp="20220707 11:23:45.070" level="INFO">${cellvalue} = 395000</msg>
<status status="PASS" starttime="20220707 11:23:45.070" endtime="20220707 11:23:45.070"/>
</kw>
<status status="PASS" starttime="20220707 11:23:45.055" endtime="20220707 11:23:45.070"/>
</iter>
<iter>
<var name="${count}">34</var>
<kw name="Read Excel Cell" library="ExcelLibrary">
<var>${cellvalue}</var>
<arg>${count}</arg>
<arg>1</arg>
<doc>Returns content of a cell.</doc>
<msg timestamp="20220707 11:23:45.070" level="INFO">${cellvalue} = 475000</msg>
<status status="PASS" starttime="20220707 11:23:45.070" endtime="20220707 11:23:45.070"/>
</kw>
<status status="PASS" starttime="20220707 11:23:45.070" endtime="20220707 11:23:45.070"/>
</iter>
<iter>
<var name="${count}">35</var>
<kw name="Read Excel Cell" library="ExcelLibrary">
<var>${cellvalue}</var>
<arg>${count}</arg>
<arg>1</arg>
<doc>Returns content of a cell.</doc>
<msg timestamp="20220707 11:23:45.070" level="INFO">${cellvalue} = 699999</msg>
<status status="PASS" starttime="20220707 11:23:45.070" endtime="20220707 11:23:45.070"/>
</kw>
<status status="PASS" starttime="20220707 11:23:45.070" endtime="20220707 11:23:45.070"/>
</iter>
<iter>
<var name="${count}">36</var>
<kw name="Read Excel Cell" library="ExcelLibrary">
<var>${cellvalue}</var>
<arg>${count}</arg>
<arg>1</arg>
<doc>Returns content of a cell.</doc>
<msg timestamp="20220707 11:23:45.070" level="INFO">${cellvalue} = 879880</msg>
<status status="PASS" starttime="20220707 11:23:45.070" endtime="20220707 11:23:45.070"/>
</kw>
<status status="PASS" starttime="20220707 11:23:45.070" endtime="20220707 11:23:45.070"/>
</iter>
<iter>
<var name="${count}">37</var>
<kw name="Read Excel Cell" library="ExcelLibrary">
<var>${cellvalue}</var>
<arg>${count}</arg>
<arg>1</arg>
<doc>Returns content of a cell.</doc>
<msg timestamp="20220707 11:23:45.070" level="INFO">${cellvalue} = 499900</msg>
<status status="PASS" starttime="20220707 11:23:45.070" endtime="20220707 11:23:45.070"/>
</kw>
<status status="PASS" starttime="20220707 11:23:45.070" endtime="20220707 11:23:45.070"/>
</iter>
<iter>
<var name="${count}">38</var>
<kw name="Read Excel Cell" library="ExcelLibrary">
<var>${cellvalue}</var>
<arg>${count}</arg>
<arg>1</arg>
<doc>Returns content of a cell.</doc>
<msg timestamp="20220707 11:23:45.070" level="INFO">${cellvalue} = 599900</msg>
<status status="PASS" starttime="20220707 11:23:45.070" endtime="20220707 11:23:45.070"/>
</kw>
<status status="PASS" starttime="20220707 11:23:45.070" endtime="20220707 11:23:45.070"/>
</iter>
<iter>
<var name="${count}">39</var>
<kw name="Read Excel Cell" library="ExcelLibrary">
<var>${cellvalue}</var>
<arg>${count}</arg>
<arg>1</arg>
<doc>Returns content of a cell.</doc>
<msg timestamp="20220707 11:23:45.070" level="INFO">${cellvalue} = 995000</msg>
<status status="PASS" starttime="20220707 11:23:45.070" endtime="20220707 11:23:45.070"/>
</kw>
<status status="PASS" starttime="20220707 11:23:45.070" endtime="20220707 11:23:45.070"/>
</iter>
<iter>
<var name="${count}">40</var>
<kw name="Read Excel Cell" library="ExcelLibrary">
<var>${cellvalue}</var>
<arg>${count}</arg>
<arg>1</arg>
<doc>Returns content of a cell.</doc>
<msg timestamp="20220707 11:23:45.070" level="INFO">${cellvalue} = 874900</msg>
<status status="PASS" starttime="20220707 11:23:45.070" endtime="20220707 11:23:45.070"/>
</kw>
<status status="PASS" starttime="20220707 11:23:45.070" endtime="20220707 11:23:45.070"/>
</iter>
<iter>
<var name="${count}">41</var>
<kw name="Read Excel Cell" library="ExcelLibrary">
<var>${cellvalue}</var>
<arg>${count}</arg>
<arg>1</arg>
<doc>Returns content of a cell.</doc>
<msg timestamp="20220707 11:23:45.070" level="INFO">${cellvalue} = 888888</msg>
<status status="PASS" starttime="20220707 11:23:45.070" endtime="20220707 11:23:45.070"/>
</kw>
<status status="PASS" starttime="20220707 11:23:45.070" endtime="20220707 11:23:45.070"/>
</iter>
<iter>
<var name="${count}">42</var>
<kw name="Read Excel Cell" library="ExcelLibrary">
<var>${cellvalue}</var>
<arg>${count}</arg>
<arg>1</arg>
<doc>Returns content of a cell.</doc>
<msg timestamp="20220707 11:23:45.070" level="INFO">${cellvalue} = 467777</msg>
<status status="PASS" starttime="20220707 11:23:45.070" endtime="20220707 11:23:45.070"/>
</kw>
<status status="PASS" starttime="20220707 11:23:45.070" endtime="20220707 11:23:45.070"/>
</iter>
<iter>
<var name="${count}">43</var>
<kw name="Read Excel Cell" library="ExcelLibrary">
<var>${cellvalue}</var>
<arg>${count}</arg>
<arg>1</arg>
<doc>Returns content of a cell.</doc>
<msg timestamp="20220707 11:23:45.070" level="INFO">${cellvalue} = 1138000</msg>
<status status="PASS" starttime="20220707 11:23:45.070" endtime="20220707 11:23:45.070"/>
</kw>
<status status="PASS" starttime="20220707 11:23:45.070" endtime="20220707 11:23:45.070"/>
</iter>
<iter>
<var name="${count}">44</var>
<kw name="Read Excel Cell" library="ExcelLibrary">
<var>${cellvalue}</var>
<arg>${count}</arg>
<arg>1</arg>
<doc>Returns content of a cell.</doc>
<msg timestamp="20220707 11:23:45.070" level="INFO">${cellvalue} = 779000</msg>
<status status="PASS" starttime="20220707 11:23:45.070" endtime="20220707 11:23:45.070"/>
</kw>
<status status="PASS" starttime="20220707 11:23:45.070" endtime="20220707 11:23:45.070"/>
</iter>
<iter>
<var name="${count}">45</var>
<kw name="Read Excel Cell" library="ExcelLibrary">
<var>${cellvalue}</var>
<arg>${count}</arg>
<arg>1</arg>
<doc>Returns content of a cell.</doc>
<msg timestamp="20220707 11:23:45.070" level="INFO">${cellvalue} = 698800</msg>
<status status="PASS" starttime="20220707 11:23:45.070" endtime="20220707 11:23:45.070"/>
</kw>
<status status="PASS" starttime="20220707 11:23:45.070" endtime="20220707 11:23:45.070"/>
</iter>
<iter>
<var name="${count}">46</var>
<kw name="Read Excel Cell" library="ExcelLibrary">
<var>${cellvalue}</var>
<arg>${count}</arg>
<arg>1</arg>
<doc>Returns content of a cell.</doc>
<msg timestamp="20220707 11:23:45.070" level="INFO">${cellvalue} = 619800</msg>
<status status="PASS" starttime="20220707 11:23:45.070" endtime="20220707 11:23:45.070"/>
</kw>
<status status="PASS" starttime="20220707 11:23:45.070" endtime="20220707 11:23:45.070"/>
</iter>
<iter>
<var name="${count}">47</var>
<kw name="Read Excel Cell" library="ExcelLibrary">
<var>${cellvalue}</var>
<arg>${count}</arg>
<arg>1</arg>
<doc>Returns content of a cell.</doc>
<msg timestamp="20220707 11:23:45.070" level="INFO">${cellvalue} = 999900</msg>
<status status="PASS" starttime="20220707 11:23:45.070" endtime="20220707 11:23:45.070"/>
</kw>
<status status="PASS" starttime="20220707 11:23:45.070" endtime="20220707 11:23:45.070"/>
</iter>
<status status="PASS" starttime="20220707 11:23:45.029" endtime="20220707 11:23:45.070"/>
</for>
<kw name="Close Current Excel Document" library="ExcelLibrary">
<doc>Closes current document.</doc>
<status status="PASS" starttime="20220707 11:23:45.070" endtime="20220707 11:23:45.070"/>
</kw>
<kw name="Click Element" library="SeleniumLibrary">
<arg>${SelectedProperty}</arg>
<doc>Click the element identified by ``locator``.</doc>
<msg timestamp="20220707 11:23:45.070" level="INFO">Clicking element 'xpath=//div[@id='listRow']/div[5]/div/a/div[1]'.</msg>
<status status="PASS" starttime="20220707 11:23:45.070" endtime="20220707 11:23:45.292"/>
</kw>
<status status="PASS" starttime="20220707 11:23:36.891" endtime="20220707 11:23:45.293"/>
</kw>
<status status="PASS" starttime="20220707 11:23:36.891" endtime="20220707 11:23:45.293"/>
</kw>
<kw name="Then PropertyDetails Should be Shown" library="FrontOfficeApp">
<kw name="SelectedProperty Amenities should be shown" library="PropertyDetails">
<kw name="Switch Window" library="SeleniumLibrary">
<arg>NEW</arg>
<arg>timeout=10</arg>
<doc>Switches to browser window matching ``locator``.</doc>
<status status="PASS" starttime="20220707 11:23:45.295" endtime="20220707 11:23:45.312"/>
</kw>
<kw name="Reload Page" library="SeleniumLibrary">
<doc>Simulates user reloading page.</doc>
<status status="PASS" starttime="20220707 11:23:45.312" endtime="20220707 11:23:47.956"/>
</kw>
<kw name="Wait Until Page Contains Element" library="SeleniumLibrary">
<arg>${PropName}</arg>
<arg>timeout=10</arg>
<doc>Waits until the element ``locator`` appears on the current page.</doc>
<status status="PASS" starttime="20220707 11:23:47.957" endtime="20220707 11:23:48.138"/>
</kw>
<kw name="Run Keyword And Return Status" library="BuiltIn">
<var>${PropNameStatus}</var>
<arg>Element Should Be Enabled</arg>
<arg>${PropName}</arg>
<doc>Runs the given keyword with given arguments and returns the status as a Boolean value.</doc>
<kw name="Element Should Be Enabled" library="SeleniumLibrary">
<arg>${PropName}</arg>
<doc>Verifies that element identified by ``locator`` is enabled.</doc>
<status status="PASS" starttime="20220707 11:23:48.139" endtime="20220707 11:23:49.307"/>
</kw>
<msg timestamp="20220707 11:23:49.307" level="INFO">${PropNameStatus} = True</msg>
<status status="PASS" starttime="20220707 11:23:48.139" endtime="20220707 11:23:49.307"/>
</kw>
<if>
<branch type="IF" condition="${PropNameStatus} == True">
<kw name="Get Text" library="SeleniumLibrary">
<var>${PropertyName}</var>
<arg>${PropName}</arg>
<doc>Returns the text value of the element identified by ``locator``.</doc>
<msg timestamp="20220707 11:23:49.334" level="INFO">${PropertyName} = 1406 - 485 W 42ND AVENUE</msg>
<status status="PASS" starttime="20220707 11:23:49.307" endtime="20220707 11:23:49.334"/>
</kw>
<kw name="Log To Console" library="BuiltIn">
<arg>Property Name: ${PropertyName}</arg>
<doc>Logs the given message to the console.</doc>
<status status="PASS" starttime="20220707 11:23:49.335" endtime="20220707 11:23:49.335"/>
</kw>
<kw name="Get Text" library="SeleniumLibrary">
<var>${PropertySize}</var>
<arg>${PropSize}</arg>
<doc>Returns the text value of the element identified by ``locator``.</doc>
<msg timestamp="20220707 11:23:49.441" level="INFO">${PropertySize} = 1059 sqft</msg>
<status status="PASS" starttime="20220707 11:23:49.335" endtime="20220707 11:23:49.441"/>
</kw>
<kw name="Log To Console" library="BuiltIn">
<arg>Property Size: ${PropertySize}</arg>
<doc>Logs the given message to the console.</doc>
<status status="PASS" starttime="20220707 11:23:49.442" endtime="20220707 11:23:49.445"/>
</kw>
<kw name="Get Element Count" library="SeleniumLibrary">
<var>${AmenitiesCount}</var>
<arg>${ListofAmenities}</arg>
<doc>Returns the number of elements matching ``locator``.</doc>
<msg timestamp="20220707 11:23:49.466" level="INFO">${AmenitiesCount} = 5</msg>
<status status="PASS" starttime="20220707 11:23:49.445" endtime="20220707 11:23:49.466"/>
</kw>
<if>
<branch type="IF" condition="${AmenitiesCount} &gt; 0">
<kw name="Log To Console" library="BuiltIn">
<arg>Property Amenities Include:</arg>
<doc>Logs the given message to the console.</doc>
<status status="PASS" starttime="20220707 11:23:49.466" endtime="20220707 11:23:49.466"/>
</kw>
<for flavor="IN RANGE">
<var>${j}</var>
<value>1</value>
<value>${AmenitiesCount}</value>
<iter>
<var name="${j}">1</var>
<kw name="Get Text" library="SeleniumLibrary">
<var>${AmenityName}</var>
<arg>xpath=//div[contains(@class,'CollapseContainer')]//div[2]//div//div//div//div[contains(@class,'AmenityIconContainer')]//div[${j}]//div[2]</arg>
<doc>Returns the text value of the element identified by ``locator``.</doc>
<msg timestamp="20220707 11:23:49.508" level="INFO">${AmenityName} = Bike Storage</msg>
<status status="PASS" starttime="20220707 11:23:49.466" endtime="20220707 11:23:49.508"/>
</kw>
<kw name="Append To List" library="Collections">
<arg>${Amenity}</arg>
<arg>${AmenityName}</arg>
<doc>Adds ``values`` to the end of ``list``.</doc>
<status status="PASS" starttime="20220707 11:23:49.509" endtime="20220707 11:23:49.510"/>
</kw>
<status status="PASS" starttime="20220707 11:23:49.466" endtime="20220707 11:23:49.510"/>
</iter>
<iter>
<var name="${j}">2</var>
<kw name="Get Text" library="SeleniumLibrary">
<var>${AmenityName}</var>
<arg>xpath=//div[contains(@class,'CollapseContainer')]//div[2]//div//div//div//div[contains(@class,'AmenityIconContainer')]//div[${j}]//div[2]</arg>
<doc>Returns the text value of the element identified by ``locator``.</doc>
<msg timestamp="20220707 11:23:49.557" level="INFO">${AmenityName} = Elevator</msg>
<status status="PASS" starttime="20220707 11:23:49.510" endtime="20220707 11:23:49.557"/>
</kw>
<kw name="Append To List" library="Collections">
<arg>${Amenity}</arg>
<arg>${AmenityName}</arg>
<doc>Adds ``values`` to the end of ``list``.</doc>
<status status="PASS" starttime="20220707 11:23:49.557" endtime="20220707 11:23:49.558"/>
</kw>
<status status="PASS" starttime="20220707 11:23:49.510" endtime="20220707 11:23:49.558"/>
</iter>
<iter>
<var name="${j}">3</var>
<kw name="Get Text" library="SeleniumLibrary">
<var>${AmenityName}</var>
<arg>xpath=//div[contains(@class,'CollapseContainer')]//div[2]//div//div//div//div[contains(@class,'AmenityIconContainer')]//div[${j}]//div[2]</arg>
<doc>Returns the text value of the element identified by ``locator``.</doc>
<msg timestamp="20220707 11:23:49.600" level="INFO">${AmenityName} = Gardening Room</msg>
<status status="PASS" starttime="20220707 11:23:49.559" endtime="20220707 11:23:49.600"/>
</kw>
<kw name="Append To List" library="Collections">
<arg>${Amenity}</arg>
<arg>${AmenityName}</arg>
<doc>Adds ``values`` to the end of ``list``.</doc>
<status status="PASS" starttime="20220707 11:23:49.600" endtime="20220707 11:23:49.600"/>
</kw>
<status status="PASS" starttime="20220707 11:23:49.558" endtime="20220707 11:23:49.600"/>
</iter>
<iter>
<var name="${j}">4</var>
<kw name="Get Text" library="SeleniumLibrary">
<var>${AmenityName}</var>
<arg>xpath=//div[contains(@class,'CollapseContainer')]//div[2]//div//div//div//div[contains(@class,'AmenityIconContainer')]//div[${j}]//div[2]</arg>
<doc>Returns the text value of the element identified by ``locator``.</doc>
<msg timestamp="20220707 11:23:49.638" level="INFO">${AmenityName} = Outdoor Child Play Area</msg>
<status status="PASS" starttime="20220707 11:23:49.601" endtime="20220707 11:23:49.638"/>
</kw>
<kw name="Append To List" library="Collections">
<arg>${Amenity}</arg>
<arg>${AmenityName}</arg>
<doc>Adds ``values`` to the end of ``list``.</doc>
<status status="PASS" starttime="20220707 11:23:49.638" endtime="20220707 11:23:49.638"/>
</kw>
<status status="PASS" starttime="20220707 11:23:49.601" endtime="20220707 11:23:49.638"/>
</iter>
<status status="PASS" starttime="20220707 11:23:49.466" endtime="20220707 11:23:49.638"/>
</for>
<for flavor="IN">
<var>${Amen}</var>
<value>@{Amenity}</value>
<iter>
<var name="${Amen}">Bike Storage</var>
<kw name="Log To Console" library="BuiltIn">
<arg>${Amen}</arg>
<doc>Logs the given message to the console.</doc>
<status status="PASS" starttime="20220707 11:23:49.638" endtime="20220707 11:23:49.638"/>
</kw>
<status status="PASS" starttime="20220707 11:23:49.638" endtime="20220707 11:23:49.638"/>
</iter>
<iter>
<var name="${Amen}">Elevator</var>
<kw name="Log To Console" library="BuiltIn">
<arg>${Amen}</arg>
<doc>Logs the given message to the console.</doc>
<status status="PASS" starttime="20220707 11:23:49.638" endtime="20220707 11:23:49.638"/>
</kw>
<status status="PASS" starttime="20220707 11:23:49.638" endtime="20220707 11:23:49.638"/>
</iter>
<iter>
<var name="${Amen}">Gardening Room</var>
<kw name="Log To Console" library="BuiltIn">
<arg>${Amen}</arg>
<doc>Logs the given message to the console.</doc>
<status status="PASS" starttime="20220707 11:23:49.638" endtime="20220707 11:23:49.638"/>
</kw>
<status status="PASS" starttime="20220707 11:23:49.638" endtime="20220707 11:23:49.638"/>
</iter>
<iter>
<var name="${Amen}">Outdoor Child Play Area</var>
<kw name="Log To Console" library="BuiltIn">
<arg>${Amen}</arg>
<doc>Logs the given message to the console.</doc>
<status status="PASS" starttime="20220707 11:23:49.638" endtime="20220707 11:23:49.638"/>
</kw>
<status status="PASS" starttime="20220707 11:23:49.638" endtime="20220707 11:23:49.647"/>
</iter>
<status status="PASS" starttime="20220707 11:23:49.638" endtime="20220707 11:23:49.647"/>
</for>
<status status="PASS" starttime="20220707 11:23:49.466" endtime="20220707 11:23:49.647"/>
</branch>
<branch type="ELSE">
<kw name="Log To Console" library="BuiltIn">
<arg>No Amenities. Individual House</arg>
<doc>Logs the given message to the console.</doc>
<status status="NOT RUN" starttime="20220707 11:23:49.647" endtime="20220707 11:23:49.647"/>
</kw>
<status status="NOT RUN" starttime="20220707 11:23:49.647" endtime="20220707 11:23:49.647"/>
</branch>
<status status="PASS" starttime="20220707 11:23:49.466" endtime="20220707 11:23:49.647"/>
</if>
<status status="PASS" starttime="20220707 11:23:49.307" endtime="20220707 11:23:49.647"/>
</branch>
<branch type="ELSE">
<kw name="Log To Console" library="BuiltIn">
<arg>Property Name Not Shown</arg>
<doc>Logs the given message to the console.</doc>
<status status="NOT RUN" starttime="20220707 11:23:49.647" endtime="20220707 11:23:49.647"/>
</kw>
<kw name="Log To Console" library="BuiltIn">
<arg>End of Test Suite</arg>
<doc>Logs the given message to the console.</doc>
<status status="NOT RUN" starttime="20220707 11:23:49.647" endtime="20220707 11:23:49.648"/>
</kw>
<kw name="Close All Browsers" library="SeleniumLibrary">
<doc>Closes all open browsers and resets the browser cache.</doc>
<status status="NOT RUN" starttime="20220707 11:23:49.648" endtime="20220707 11:23:49.648"/>
</kw>
<status status="NOT RUN" starttime="20220707 11:23:49.647" endtime="20220707 11:23:49.648"/>
</branch>
<status status="PASS" starttime="20220707 11:23:49.307" endtime="20220707 11:23:49.648"/>
</if>
<status status="PASS" starttime="20220707 11:23:45.295" endtime="20220707 11:23:49.648"/>
</kw>
<status status="PASS" starttime="20220707 11:23:45.294" endtime="20220707 11:23:49.648"/>
</kw>
<kw name="End Web Test" library="CommonWeb" type="TEARDOWN">
<kw name="Close Browser" library="SeleniumLibrary">
<doc>Closes the current browser.</doc>
<status status="PASS" starttime="20220707 11:23:49.649" endtime="20220707 11:23:52.064"/>
</kw>
<status status="PASS" starttime="20220707 11:23:49.649" endtime="20220707 11:23:52.064"/>
</kw>
<tag>Regression</tag>
<status status="PASS" starttime="20220707 11:23:18.725" endtime="20220707 11:23:52.065"/>
</test>
<doc>Test Suite For Condos.ca</doc>
<status status="PASS" starttime="20220707 11:22:42.808" endtime="20220707 11:23:52.070"/>
</suite>
<statistics>
<total>
<stat pass="2" fail="0" skip="0">All Tests</stat>
</total>
<tag>
<stat pass="2" fail="0" skip="0">Regression</stat>
</tag>
<suite>
<stat pass="2" fail="0" skip="0" id="s1" name="Condos">Condos</stat>
</suite>
</statistics>
<errors>
</errors>
</robot>
